#
# There is insufficient memory for the Java Runtime Environment to continue.
# Native memory allocation (malloc) failed to allocate 1209280 bytes for Chunk::new
# Possible reasons:
#   The system is out of physical RAM or swap space
#   The process is running with CompressedOops enabled, and the Java Heap may be blocking the growth of the native heap
# Possible solutions:
#   Reduce memory load on the system
#   Increase physical memory or swap space
#   Check if swap backing store is full
#   Decrease Java heap size (-Xmx/-Xms)
#   Decrease number of Java threads
#   Decrease Java thread stack sizes (-Xss)
#   Set larger code cache with -XX:ReservedCodeCacheSize=
#   JVM is running with Unscaled Compressed Oops mode in which the Java heap is
#     placed in the first 4GB address space. The Java Heap base address is the
#     maximum limit for the native heap growth. Please use -XX:HeapBaseMinAddress
#     to set the Java Heap base and to place the Java Heap above 4GB virtual address.
# This output file may be truncated or incomplete.
#
#  Out of Memory Error (allocation.cpp:389), pid=9000, tid=0x0000000000002528
#
# JRE version: OpenJDK Runtime Environment (8.0_202-b03) (build 1.8.0_202-release-1483-b03)
# Java VM: OpenJDK 64-Bit Server VM (25.202-b03 mixed mode windows-amd64 compressed oops)
# Failed to write core dump. Minidumps are not enabled by default on client versions of Windows
#

---------------  T H R E A D  ---------------

Current thread (0x000000001856f800):  JavaThread "C2 CompilerThread2" daemon [_thread_in_native, id=9512, stack(0x0000000019050000,0x0000000019150000)]

Stack: [0x0000000019050000,0x0000000019150000]
[error occurred during error reporting (printing stack bounds), id 0xc0000005]

Native frames: (J=compiled Java code, j=interpreted, Vv=VM code, C=native code)


Current CompileTask:
C2:   6197 5409       4       sun.reflect.generics.parser.SignatureParser::parsePackageNameAndSimpleClassTypeSignature (139 bytes)


---------------  P R O C E S S  ---------------

Java Threads: ( => current thread )
  0x00000000201ae000 JavaThread "Execution worker for ':' Thread 7" [_thread_blocked, id=7324, stack(0x00000000253a0000,0x00000000254a0000)]
  0x00000000201af000 JavaThread "Execution worker for ':' Thread 6" [_thread_blocked, id=4324, stack(0x00000000252a0000,0x00000000253a0000)]
  0x00000000201b0800 JavaThread "Execution worker for ':' Thread 5" [_thread_blocked, id=5904, stack(0x00000000251a0000,0x00000000252a0000)]
  0x000000001d01c000 JavaThread "Execution worker for ':' Thread 4" [_thread_blocked, id=7312, stack(0x00000000250a0000,0x00000000251a0000)]
  0x000000001d01b000 JavaThread "Execution worker for ':' Thread 3" [_thread_blocked, id=7320, stack(0x0000000024fa0000,0x00000000250a0000)]
  0x000000001d01a800 JavaThread "Execution worker for ':' Thread 2" [_thread_blocked, id=5908, stack(0x0000000024ea0000,0x0000000024fa0000)]
  0x000000001d018000 JavaThread "Execution worker for ':'" [_thread_blocked, id=5868, stack(0x0000000024530000,0x0000000024630000)]
  0x000000001d019800 JavaThread "Cache worker for file content cache (C:\Users\jaime\AndroidStudioProjects\PrimeiroApp\.gradle\5.4.1\fileContent)" [_thread_blocked, id=4944, stack(0x0000000024430000,0x0000000024530000)]
  0x000000001d019000 JavaThread "Cache worker for file content cache (C:\Users\jaime\.gradle\caches\5.4.1\fileContent)" [_thread_blocked, id=9308, stack(0x0000000024330000,0x0000000024430000)]
  0x000000001d017800 JavaThread "Memory manager" [_thread_blocked, id=3036, stack(0x0000000024230000,0x0000000024330000)]
  0x000000001d016000 JavaThread "Cache worker for Build Output Cleanup Cache (C:\Users\jaime\AndroidStudioProjects\PrimeiroApp\.gradle\buildOutputCleanup)" [_thread_blocked, id=9732, stack(0x0000000023b30000,0x0000000023c30000)]
  0x000000001d00e800 JavaThread "pool-1-thread-1" [_thread_blocked, id=3732, stack(0x00000000235f0000,0x00000000236f0000)]
  0x000000001d013800 JavaThread "Build operations Thread 8" [_thread_blocked, id=6600, stack(0x00000000230f0000,0x00000000231f0000)]
  0x000000001d013000 JavaThread "Build operations Thread 7" [_thread_blocked, id=6236, stack(0x0000000022ff0000,0x00000000230f0000)]
  0x000000001d010800 JavaThread "Build operations Thread 6" [_thread_blocked, id=9240, stack(0x0000000022ef0000,0x0000000022ff0000)]
  0x000000001d011800 JavaThread "Build operations Thread 5" [_thread_blocked, id=7752, stack(0x0000000022df0000,0x0000000022ef0000)]
  0x000000001d012000 JavaThread "Build operations Thread 4" [_thread_blocked, id=9896, stack(0x0000000022cf0000,0x0000000022df0000)]
  0x000000001d010000 JavaThread "Build operations Thread 3" [_thread_blocked, id=1652, stack(0x0000000022bf0000,0x0000000022cf0000)]
  0x000000001d00d800 JavaThread "Build operations Thread 2" [_thread_blocked, id=5416, stack(0x0000000022af0000,0x0000000022bf0000)]
  0x000000001d014800 JavaThread "Build operations" [_thread_blocked, id=7072, stack(0x00000000229f0000,0x0000000022af0000)]
  0x000000001d00d000 JavaThread "Cache worker for execution history cache (C:\Users\jaime\.gradle\caches\5.4.1\executionHistory)" [_thread_blocked, id=5260, stack(0x0000000022330000,0x0000000022430000)]
  0x000000001a233800 JavaThread "Cache worker for cache directory md-rule (C:\Users\jaime\.gradle\caches\5.4.1\md-rule)" [_thread_blocked, id=1332, stack(0x0000000022230000,0x0000000022330000)]
  0x000000001a233000 JavaThread "Cache worker for cache directory md-supplier (C:\Users\jaime\.gradle\caches\5.4.1\md-supplier)" [_thread_blocked, id=4912, stack(0x0000000022130000,0x0000000022230000)]
  0x000000001a236000 JavaThread "Cache worker for file hash cache (C:\Users\jaime\AndroidStudioProjects\PrimeiroApp\.gradle\5.4.1\fileHashes)" [_thread_blocked, id=8440, stack(0x000000001e360000,0x000000001e460000)]
  0x000000001a237800 JavaThread "Cache worker for journal cache (C:\Users\jaime\.gradle\caches\journal-1)" [_thread_blocked, id=1784, stack(0x000000001c2c0000,0x000000001c3c0000)]
  0x000000001a232000 JavaThread "File lock request listener" [_thread_in_native, id=4380, stack(0x000000001bfc0000,0x000000001c0c0000)]
  0x000000001a511000 JavaThread "Cache worker for file hash cache (C:\Users\jaime\.gradle\caches\5.4.1\fileHashes)" [_thread_blocked, id=2528, stack(0x000000001bec0000,0x000000001bfc0000)]
  0x000000001a6e7800 JavaThread "Thread-9" [_thread_blocked, id=9048, stack(0x000000001bdc0000,0x000000001bec0000)]
  0x000000001a427800 JavaThread "Stdin handler" [_thread_blocked, id=7036, stack(0x000000001bcc0000,0x000000001bdc0000)]
  0x000000001a8f3000 JavaThread "Asynchronous log dispatcher for DefaultDaemonConnection: socket connection from /127.0.0.1:54723 to /127.0.0.1:54724" [_thread_blocked, id=5108, stack(0x000000001bbc0000,0x000000001bcc0000)]
  0x000000001a512800 JavaThread "Daemon worker" [_thread_blocked, id=9644, stack(0x000000001bac0000,0x000000001bbc0000)]
  0x000000001a5bb800 JavaThread "Cancel handler" [_thread_blocked, id=4092, stack(0x000000001b9c0000,0x000000001bac0000)]
  0x000000001885a800 JavaThread "Handler for socket connection from /127.0.0.1:54723 to /127.0.0.1:54724" [_thread_in_native, id=8288, stack(0x000000001b6c0000,0x000000001b7c0000)]
  0x0000000018859800 JavaThread "Daemon" [_thread_blocked, id=5160, stack(0x000000001b5c0000,0x000000001b6c0000)]
  0x0000000019ba7000 JavaThread "Daemon periodic checks" [_thread_blocked, id=9348, stack(0x000000001b4c0000,0x000000001b5c0000)]
  0x000000001884e800 JavaThread "Incoming local TCP Connector on port 54723" [_thread_in_native, id=6624, stack(0x000000001b260000,0x000000001b360000)]
  0x000000001a70b000 JavaThread "Daemon health stats" [_thread_blocked, id=1456, stack(0x000000001ac20000,0x000000001ad20000)]
  0x0000000018609000 JavaThread "Service Thread" daemon [_thread_blocked, id=9020, stack(0x0000000019250000,0x0000000019350000)]
  0x0000000018572800 JavaThread "C1 CompilerThread3" daemon [_thread_blocked, id=7460, stack(0x0000000019150000,0x0000000019250000)]
=>0x000000001856f800 JavaThread "C2 CompilerThread2" daemon [_thread_in_native, id=9512, stack(0x0000000019050000,0x0000000019150000)]
  0x000000001856e000 JavaThread "C2 CompilerThread1" daemon [_thread_in_native, id=7464, stack(0x0000000018f50000,0x0000000019050000)]
  0x000000001856b000 JavaThread "C2 CompilerThread0" daemon [_thread_blocked, id=2740, stack(0x0000000018e50000,0x0000000018f50000)]
  0x0000000018569800 JavaThread "Attach Listener" daemon [_thread_blocked, id=3980, stack(0x0000000018d50000,0x0000000018e50000)]
  0x0000000018576000 JavaThread "Signal Dispatcher" daemon [_thread_blocked, id=9412, stack(0x0000000018c50000,0x0000000018d50000)]
  0x000000000299c800 JavaThread "Finalizer" daemon [_thread_blocked, id=1492, stack(0x0000000018a40000,0x0000000018b40000)]
  0x0000000002994000 JavaThread "Reference Handler" daemon [_thread_blocked, id=7808, stack(0x0000000018940000,0x0000000018a40000)]
  0x0000000000e8d800 JavaThread "main" [_thread_blocked, id=2804, stack(0x00000000026d0000,0x00000000027d0000)]

Other Threads:
  0x0000000016756800 VMThread [stack: 0x0000000018440000,0x0000000018540000] [id=9652]
  0x000000001860a000 WatcherThread [stack: 0x0000000019350000,0x0000000019450000] [id=4496]

VM state:at safepoint (normal execution)

VM Mutex/Monitor currently owned by a thread:  ([mutex/lock_event])
[0x0000000000e8c900] Threads_lock - owner thread: 0x0000000016756800
[0x0000000000e8d000] Heap_lock - owner thread: 0x0000000018572800
[0x00000000028a1850] MethodData_lock - owner thread: 0x0000000018572800

heap address: 0x00000000a0000000, size: 1536 MB, Compressed Oops mode: 32-bit
Narrow klass base: 0x0000000000000000, Narrow klass shift: 3
Compressed class space size: 1073741824 Address: 0x0000000100000000

Heap:
 PSYoungGen      total 181760K, used 2746K [0x00000000e0000000, 0x00000000ed600000, 0x0000000100000000)
  eden space 162816K, 0% used [0x00000000e0000000,0x00000000e0000000,0x00000000e9f00000)
  from space 18944K, 14% used [0x00000000e9f00000,0x00000000ea1ae968,0x00000000eb180000)
  to   space 18432K, 0% used [0x00000000eb180000,0x00000000eb180000,0x00000000ec380000)
 ParOldGen       total 138240K, used 28977K [0x00000000a0000000, 0x00000000a8700000, 0x00000000e0000000)
  object space 138240K, 20% used [0x00000000a0000000,0x00000000a1c4c408,0x00000000a8700000)
 Metaspace       used 58450K, capacity 60389K, committed 60504K, reserved 1105920K
  class space    used 8017K, capacity 8488K, committed 8576K, reserved 1048576K

Card table byte_map: [0x0000000011d60000,0x0000000012070000] byte_map_base: 0x0000000011860000

Marking Bits: (ParMarkBitMap*) 0x000000006efc9f30
 Begin Bits: [0x0000000012a70000, 0x0000000014270000)
 End Bits:   [0x0000000014270000, 0x0000000015a70000)

Polling page: 0x0000000000e60000

CodeCache: size=245760Kb used=15621Kb max_used=17972Kb free=230139Kb
 bounds [0x00000000029a0000, 0x0000000003b40000, 0x00000000119a0000]
 total_blobs=5757 nmethods=4973 adapters=697
 compilation: enabled

Compilation events (10 events):
Event: 6.188 Thread 0x0000000018572800 nmethod 5732 0x00000000033a46d0 code [0x00000000033a48c0, 0x00000000033a50b8]
Event: 6.189 Thread 0x0000000018572800 5730       3       java.lang.invoke.MethodHandles$Lookup::findStatic (27 bytes)
Event: 6.189 Thread 0x0000000018572800 nmethod 5730 0x0000000002e300d0 code [0x0000000002e30260, 0x0000000002e30608]
Event: 6.190 Thread 0x0000000018572800 5736       3       com.google.common.cache.LocalCache$NullEntry::setPreviousInAccessQueue (1 bytes)
Event: 6.190 Thread 0x0000000018572800 nmethod 5736 0x000000000336f9d0 code [0x000000000336fb20, 0x000000000336fc70]
Event: 6.190 Thread 0x0000000018572800 5733       1       org.gradle.internal.MutableBoolean::get (5 bytes)
Event: 6.190 Thread 0x0000000018572800 nmethod 5733 0x000000000397aad0 code [0x000000000397ac20, 0x000000000397ad30]
Event: 6.190 Thread 0x0000000018572800 5737       3       org.gradle.internal.serialize.HashCodeSerializer::read (23 bytes)
Event: 6.190 Thread 0x0000000018572800 nmethod 5737 0x0000000003508350 code [0x00000000035084e0, 0x0000000003508888]
Event: 6.190 Thread 0x0000000018572800 5738       3       org.gradle.internal.hash.HashCode::fromBytes (50 bytes)

GC Heap History (10 events):
Event: 3.575 GC heap before
{Heap before GC invocations=11 (full 2):
 PSYoungGen      total 118272K, used 10189K [0x00000000e0000000, 0x00000000ea700000, 0x0000000100000000)
  eden space 107520K, 0% used [0x00000000e0000000,0x00000000e0000000,0x00000000e6900000)
  from space 10752K, 94% used [0x00000000e6900000,0x00000000e72f3650,0x00000000e7380000)
  to   space 11776K, 0% used [0x00000000e9b80000,0x00000000e9b80000,0x00000000ea700000)
 ParOldGen       total 60928K, used 10906K [0x00000000a0000000, 0x00000000a3b80000, 0x00000000e0000000)
  object space 60928K, 17% used [0x00000000a0000000,0x00000000a0aa6a18,0x00000000a3b80000)
 Metaspace       used 34587K, capacity 35380K, committed 35456K, reserved 1079296K
  class space    used 4784K, capacity 4970K, committed 4992K, reserved 1048576K
Event: 3.631 GC heap after
Heap after GC invocations=11 (full 2):
 PSYoungGen      total 118272K, used 0K [0x00000000e0000000, 0x00000000ea700000, 0x0000000100000000)
  eden space 107520K, 0% used [0x00000000e0000000,0x00000000e0000000,0x00000000e6900000)
  from space 10752K, 0% used [0x00000000e6900000,0x00000000e6900000,0x00000000e7380000)
  to   space 11776K, 0% used [0x00000000e9b80000,0x00000000e9b80000,0x00000000ea700000)
 ParOldGen       total 92672K, used 17067K [0x00000000a0000000, 0x00000000a5a80000, 0x00000000e0000000)
  object space 92672K, 18% used [0x00000000a0000000,0x00000000a10aad78,0x00000000a5a80000)
 Metaspace       used 34562K, capacity 35296K, committed 35456K, reserved 1079296K
  class space    used 4776K, capacity 4956K, committed 4992K, reserved 1048576K
}
Event: 4.465 GC heap before
{Heap before GC invocations=12 (full 2):
 PSYoungGen      total 118272K, used 107520K [0x00000000e0000000, 0x00000000ea700000, 0x0000000100000000)
  eden space 107520K, 100% used [0x00000000e0000000,0x00000000e6900000,0x00000000e6900000)
  from space 10752K, 0% used [0x00000000e6900000,0x00000000e6900000,0x00000000e7380000)
  to   space 11776K, 0% used [0x00000000e9b80000,0x00000000e9b80000,0x00000000ea700000)
 ParOldGen       total 92672K, used 17067K [0x00000000a0000000, 0x00000000a5a80000, 0x00000000e0000000)
  object space 92672K, 18% used [0x00000000a0000000,0x00000000a10aad78,0x00000000a5a80000)
 Metaspace       used 45386K, capacity 46372K, committed 46592K, reserved 1089536K
  class space    used 6125K, capacity 6384K, committed 6400K, reserved 1048576K
Event: 4.474 GC heap after
Heap after GC invocations=12 (full 2):
 PSYoungGen      total 144896K, used 11755K [0x00000000e0000000, 0x00000000ea700000, 0x0000000100000000)
  eden space 133120K, 0% used [0x00000000e0000000,0x00000000e0000000,0x00000000e8200000)
  from space 11776K, 99% used [0x00000000e9b80000,0x00000000ea6fac50,0x00000000ea700000)
  to   space 13824K, 0% used [0x00000000e8c00000,0x00000000e8c00000,0x00000000e9980000)
 ParOldGen       total 92672K, used 19970K [0x00000000a0000000, 0x00000000a5a80000, 0x00000000e0000000)
  object space 92672K, 21% used [0x00000000a0000000,0x00000000a1380980,0x00000000a5a80000)
 Metaspace       used 45386K, capacity 46372K, committed 46592K, reserved 1089536K
  class space    used 6125K, capacity 6384K, committed 6400K, reserved 1048576K
}
Event: 5.597 GC heap before
{Heap before GC invocations=13 (full 2):
 PSYoungGen      total 144896K, used 144875K [0x00000000e0000000, 0x00000000ea700000, 0x0000000100000000)
  eden space 133120K, 100% used [0x00000000e0000000,0x00000000e8200000,0x00000000e8200000)
  from space 11776K, 99% used [0x00000000e9b80000,0x00000000ea6fac50,0x00000000ea700000)
  to   space 13824K, 0% used [0x00000000e8c00000,0x00000000e8c00000,0x00000000e9980000)
 ParOldGen       total 92672K, used 19970K [0x00000000a0000000, 0x00000000a5a80000, 0x00000000e0000000)
  object space 92672K, 21% used [0x00000000a0000000,0x00000000a1380980,0x00000000a5a80000)
 Metaspace       used 56347K, capacity 57900K, committed 58112K, reserved 1099776K
  class space    used 7678K, capacity 8085K, committed 8192K, reserved 1048576K
Event: 5.611 GC heap after
Heap after GC invocations=13 (full 2):
 PSYoungGen      total 157184K, used 13805K [0x00000000e0000000, 0x00000000ec380000, 0x0000000100000000)
  eden space 143360K, 0% used [0x00000000e0000000,0x00000000e0000000,0x00000000e8c00000)
  from space 13824K, 99% used [0x00000000e8c00000,0x00000000e997b7e8,0x00000000e9980000)
  to   space 18432K, 0% used [0x00000000eb180000,0x00000000eb180000,0x00000000ec380000)
 ParOldGen       total 92672K, used 27370K [0x00000000a0000000, 0x00000000a5a80000, 0x00000000e0000000)
  object space 92672K, 29% used [0x00000000a0000000,0x00000000a1abaa90,0x00000000a5a80000)
 Metaspace       used 56347K, capacity 57900K, committed 58112K, reserved 1099776K
  class space    used 7678K, capacity 8085K, committed 8192K, reserved 1048576K
}
Event: 5.767 GC heap before
{Heap before GC invocations=14 (full 2):
 PSYoungGen      total 157184K, used 30515K [0x00000000e0000000, 0x00000000ec380000, 0x0000000100000000)
  eden space 143360K, 11% used [0x00000000e0000000,0x00000000e1051788,0x00000000e8c00000)
  from space 13824K, 99% used [0x00000000e8c00000,0x00000000e997b7e8,0x00000000e9980000)
  to   space 18432K, 0% used [0x00000000eb180000,0x00000000eb180000,0x00000000ec380000)
 ParOldGen       total 92672K, used 27370K [0x00000000a0000000, 0x00000000a5a80000, 0x00000000e0000000)
  object space 92672K, 29% used [0x00000000a0000000,0x00000000a1abaa90,0x00000000a5a80000)
 Metaspace       used 57240K, capacity 58887K, committed 59096K, reserved 1099776K
  class space    used 7784K, capacity 8192K, committed 8192K, reserved 1048576K
Event: 5.773 GC heap after
Heap after GC invocations=14 (full 2):
 PSYoungGen      total 181248K, used 1794K [0x00000000e0000000, 0x00000000ed600000, 0x0000000100000000)
  eden space 162816K, 0% used [0x00000000e0000000,0x00000000e0000000,0x00000000e9f00000)
  from space 18432K, 9% used [0x00000000eb180000,0x00000000eb340a90,0x00000000ec380000)
  to   space 18944K, 0% used [0x00000000e9f00000,0x00000000e9f00000,0x00000000eb180000)
 ParOldGen       total 92672K, used 32916K [0x00000000a0000000, 0x00000000a5a80000, 0x00000000e0000000)
  object space 92672K, 35% used [0x00000000a0000000,0x00000000a2025118,0x00000000a5a80000)
 Metaspace       used 57240K, capacity 58887K, committed 59096K, reserved 1099776K
  class space    used 7784K, capacity 8192K, committed 8192K, reserved 1048576K
}
Event: 5.773 GC heap before
{Heap before GC invocations=15 (full 3):
 PSYoungGen      total 181248K, used 1794K [0x00000000e0000000, 0x00000000ed600000, 0x0000000100000000)
  eden space 162816K, 0% used [0x00000000e0000000,0x00000000e0000000,0x00000000e9f00000)
  from space 18432K, 9% used [0x00000000eb180000,0x00000000eb340a90,0x00000000ec380000)
  to   space 18944K, 0% used [0x00000000e9f00000,0x00000000e9f00000,0x00000000eb180000)
 ParOldGen       total 92672K, used 32916K [0x00000000a0000000, 0x00000000a5a80000, 0x00000000e0000000)
  object space 92672K, 35% used [0x00000000a0000000,0x00000000a2025118,0x00000000a5a80000)
 Metaspace       used 57240K, capacity 58887K, committed 59096K, reserved 1099776K
  class space    used 7784K, capacity 8192K, committed 8192K, reserved 1048576K
Event: 5.982 GC heap after
Heap after GC invocations=15 (full 3):
 PSYoungGen      total 181248K, used 0K [0x00000000e0000000, 0x00000000ed600000, 0x0000000100000000)
  eden space 162816K, 0% used [0x00000000e0000000,0x00000000e0000000,0x00000000e9f00000)
  from space 18432K, 0% used [0x00000000eb180000,0x00000000eb180000,0x00000000ec380000)
  to   space 18944K, 0% used [0x00000000e9f00000,0x00000000e9f00000,0x00000000eb180000)
 ParOldGen       total 138240K, used 28969K [0x00000000a0000000, 0x00000000a8700000, 0x00000000e0000000)
  object space 138240K, 20% used [0x00000000a0000000,0x00000000a1c4a408,0x00000000a8700000)
 Metaspace       used 57240K, capacity 58887K, committed 59096K, reserved 1099776K
  class space    used 7784K, capacity 8192K, committed 8192K, reserved 1048576K
}

Deoptimization events (10 events):
Event: 6.144 Thread 0x000000001d00d000 Uncommon trap: reason=bimorphic action=maybe_recompile pc=0x0000000003516060 method=java.util.Arrays.binarySearch0([Ljava/lang/Object;IILjava/lang/Object;Ljava/util/Comparator;)I @ 48
Event: 6.144 Thread 0x000000001d00d000 Uncommon trap: reason=bimorphic action=maybe_recompile pc=0x0000000003516060 method=java.util.Arrays.binarySearch0([Ljava/lang/Object;IILjava/lang/Object;Ljava/util/Comparator;)I @ 48
Event: 6.144 Thread 0x000000001d00d000 Uncommon trap: reason=bimorphic action=maybe_recompile pc=0x0000000003516060 method=java.util.Arrays.binarySearch0([Ljava/lang/Object;IILjava/lang/Object;Ljava/util/Comparator;)I @ 48
Event: 6.144 Thread 0x000000001d00d000 Uncommon trap: reason=bimorphic action=maybe_recompile pc=0x0000000003516060 method=java.util.Arrays.binarySearch0([Ljava/lang/Object;IILjava/lang/Object;Ljava/util/Comparator;)I @ 48
Event: 6.145 Thread 0x000000001d00d000 Uncommon trap: reason=bimorphic action=maybe_recompile pc=0x000000000350a4c8 method=java.util.Arrays.binarySearch0([Ljava/lang/Object;IILjava/lang/Object;Ljava/util/Comparator;)I @ 48
Event: 6.183 Thread 0x000000001d01a800 Uncommon trap: reason=unstable_if action=reinterpret pc=0x00000000033499ec method=java.util.concurrent.ConcurrentHashMap.get(Ljava/lang/Object;)Ljava/lang/Object; @ 86
Event: 6.185 Thread 0x000000001d01a800 Uncommon trap: reason=class_check action=maybe_recompile pc=0x0000000002be79d4 method=java.util.Collections$SetFromMap.remove(Ljava/lang/Object;)Z @ 5
Event: 6.185 Thread 0x00000000201af000 Uncommon trap: reason=class_check action=maybe_recompile pc=0x0000000002be79d4 method=java.util.Collections$SetFromMap.remove(Ljava/lang/Object;)Z @ 5
Event: 6.185 Thread 0x000000001d01c000 Uncommon trap: reason=class_check action=maybe_recompile pc=0x0000000002be79d4 method=java.util.Collections$SetFromMap.remove(Ljava/lang/Object;)Z @ 5
Event: 6.185 Thread 0x000000001d018000 Uncommon trap: reason=class_check action=maybe_recompile pc=0x0000000002be79d4 method=java.util.Collections$SetFromMap.remove(Ljava/lang/Object;)Z @ 5

Classes redefined (0 events):
No events

Internal exceptions (10 events):
Event: 5.101 Thread 0x000000001a512800 Exception <a 'java/lang/ClassNotFoundException': com/android/build/gradle/internal/api/BaseVariantOutputImplCustomizer> (0x00000000e4b811b8) thrown at [D:\src\AOSP-openjdk-cygwin\jdk8u\hotspot\src\share\vm\classfile\systemDictionary.cpp, line 210]
Event: 5.101 Thread 0x000000001a512800 Exception <a 'java/lang/ClassNotFoundException': com/android/build/gradle/internal/api/ApkVariantOutputImplCustomizer> (0x00000000e4bb6bf8) thrown at [D:\src\AOSP-openjdk-cygwin\jdk8u\hotspot\src\share\vm\classfile\systemDictionary.cpp, line 210]
Event: 5.102 Thread 0x000000001a512800 Exception <a 'java/lang/ClassNotFoundException': com/android/build/gradle/internal/api/ApkVariantOutputImpl_DecoratedCustomizer> (0x00000000e4be7750) thrown at [D:\src\AOSP-openjdk-cygwin\jdk8u\hotspot\src\share\vm\classfile\systemDictionary.cpp, line 210
Event: 5.233 Thread 0x000000001a512800 Exception <a 'java/lang/NoSuchMethodError': java.lang.Object.lambda$static$0(Ljava/util/Set;Ljava/util/Set;)Z> (0x00000000e596e7d8) thrown at [D:\src\AOSP-openjdk-cygwin\jdk8u\hotspot\src\share\vm\interpreter\linkResolver.cpp, line 620]
Event: 5.233 Thread 0x000000001a512800 Exception <a 'java/lang/NoSuchMethodError': java.lang.Object.lambda$static$1(Ljava/util/Set;Ljava/util/Set;)Z> (0x00000000e5971748) thrown at [D:\src\AOSP-openjdk-cygwin\jdk8u\hotspot\src\share\vm\interpreter\linkResolver.cpp, line 620]
Event: 5.234 Thread 0x000000001a512800 Exception <a 'java/lang/NoSuchMethodError': java.lang.Object.lambda$static$2(Ljava/util/Set;Ljava/util/Set;)Z> (0x00000000e5974288) thrown at [D:\src\AOSP-openjdk-cygwin\jdk8u\hotspot\src\share\vm\interpreter\linkResolver.cpp, line 620]
Event: 5.234 Thread 0x000000001a512800 Exception <a 'java/lang/NoSuchMethodError': java.lang.Object.lambda$static$3(Ljava/util/Set;Ljava/util/Set;)Z> (0x00000000e5976dc8) thrown at [D:\src\AOSP-openjdk-cygwin\jdk8u\hotspot\src\share\vm\interpreter\linkResolver.cpp, line 620]
Event: 5.234 Thread 0x000000001a512800 Exception <a 'java/lang/NoSuchMethodError': java.lang.Object.lambda$static$4(Ljava/util/Set;Ljava/util/Set;)Z> (0x00000000e5979908) thrown at [D:\src\AOSP-openjdk-cygwin\jdk8u\hotspot\src\share\vm\interpreter\linkResolver.cpp, line 620]
Event: 5.337 Thread 0x000000001a512800 Exception <a 'java/lang/ClassNotFoundException': com/sun/org/glassfish/hk2/osgiresourcelocator/ServiceLoader> (0x00000000e616a480) thrown at [D:\src\AOSP-openjdk-cygwin\jdk8u\hotspot\src\share\vm\classfile\systemDictionary.cpp, line 210]
Event: 5.365 Thread 0x000000001a512800 Exception <a 'java/lang/NullPointerException'> (0x00000000e6635c58) thrown at [D:\src\AOSP-openjdk-cygwin\jdk8u\hotspot\src\share\vm\interpreter\linkResolver.cpp, line 1287]

Events (10 events):
Event: 6.189 Thread 0x0000000018572800 flushing nmethod 0x0000000003a42590
Event: 6.189 Thread 0x0000000018572800 flushing nmethod 0x0000000003a42f90
Event: 6.189 Thread 0x0000000018572800 flushing nmethod 0x0000000003a5dfd0
Event: 6.189 loading class org/gradle/internal/instantiation/ManagedTypeFactory
Event: 6.189 Thread 0x0000000018572800 flushing nmethod 0x0000000003a60990
Event: 6.189 loading class org/gradle/internal/instantiation/ManagedTypeFactory done
Event: 6.190 loading class org/gradle/api/internal/artifacts/transform/DefaultTransformer$2
Event: 6.190 loading class org/gradle/api/internal/artifacts/transform/DefaultTransformer$2 done
Event: 6.190 loading class org/gradle/api/internal/artifacts/transform/DefaultTransformer$IsolatedParameters
Event: 6.190 loading class org/gradle/api/internal/artifacts/transform/DefaultTransformer$IsolatedParameters done


Dynamic libraries:
0x00007ff797b60000 - 0x00007ff797b91000 	C:\Program Files\Android\Android Studio\jre\bin\java.exe
0x00007ffa3b4b0000 - 0x00007ffa3b69d000 	C:\Windows\SYSTEM32\ntdll.dll
0x00007ffa3b3c0000 - 0x00007ffa3b473000 	C:\Windows\System32\KERNEL32.DLL
0x00007ffa37570000 - 0x00007ffa37803000 	C:\Windows\System32\KERNELBASE.dll
0x00007ffa3b000000 - 0x00007ffa3b0a3000 	C:\Windows\System32\ADVAPI32.dll
0x00007ffa3b0e0000 - 0x00007ffa3b17e000 	C:\Windows\System32\msvcrt.dll
0x00007ffa3b180000 - 0x00007ffa3b21e000 	C:\Windows\System32\sechost.dll
0x00007ffa3aa60000 - 0x00007ffa3ab82000 	C:\Windows\System32\RPCRT4.dll
0x00007ffa38c60000 - 0x00007ffa38df7000 	C:\Windows\System32\USER32.dll
0x00007ffa37a90000 - 0x00007ffa37ab0000 	C:\Windows\System32\win32u.dll
0x00007ffa3ac40000 - 0x00007ffa3ac69000 	C:\Windows\System32\GDI32.dll
0x00007ffa37890000 - 0x00007ffa37a29000 	C:\Windows\System32\gdi32full.dll
0x00007ffa383d0000 - 0x00007ffa38470000 	C:\Windows\System32\msvcp_win.dll
0x00007ffa38200000 - 0x00007ffa382fa000 	C:\Windows\System32\ucrtbase.dll
0x00007ffa228d0000 - 0x00007ffa22b49000 	C:\Windows\WinSxS\amd64_microsoft.windows.common-controls_6595b64144ccf1df_6.0.17763.737_none_05b6437c071e554b\COMCTL32.dll
0x00007ffa38e00000 - 0x00007ffa3912c000 	C:\Windows\System32\combase.dll
0x00007ffa37810000 - 0x00007ffa3788e000 	C:\Windows\System32\bcryptPrimitives.dll
0x00007ffa3b0b0000 - 0x00007ffa3b0de000 	C:\Windows\System32\IMM32.DLL
0x000000006e720000 - 0x000000006e7f2000 	C:\Program Files\Android\Android Studio\jre\jre\bin\msvcr100.dll
0x000000006e800000 - 0x000000006f046000 	C:\Program Files\Android\Android Studio\jre\jre\bin\server\jvm.dll
0x00007ffa3af90000 - 0x00007ffa3af98000 	C:\Windows\System32\PSAPI.DLL
0x00007ffa1cde0000 - 0x00007ffa1cde9000 	C:\Windows\SYSTEM32\WSOCK32.dll
0x00007ffa251a0000 - 0x00007ffa251aa000 	C:\Windows\SYSTEM32\VERSION.dll
0x00007ffa353f0000 - 0x00007ffa35414000 	C:\Windows\SYSTEM32\WINMM.dll
0x00007ffa3b220000 - 0x00007ffa3b28d000 	C:\Windows\System32\WS2_32.dll
0x00007ffa353c0000 - 0x00007ffa353ed000 	C:\Windows\SYSTEM32\winmmbase.dll
0x00007ffa384a0000 - 0x00007ffa384ea000 	C:\Windows\System32\cfgmgr32.dll
0x00007ffa28a10000 - 0x00007ffa28a1f000 	C:\Program Files\Android\Android Studio\jre\jre\bin\verify.dll
0x00007ffa0b9b0000 - 0x00007ffa0b9d9000 	C:\Program Files\Android\Android Studio\jre\jre\bin\java.dll
0x00007ffa1dbf0000 - 0x00007ffa1dc06000 	C:\Program Files\Android\Android Studio\jre\jre\bin\zip.dll
0x00007ffa39560000 - 0x00007ffa3aa52000 	C:\Windows\System32\SHELL32.dll
0x00007ffa38b50000 - 0x00007ffa38bf8000 	C:\Windows\System32\shcore.dll
0x00007ffa37ab0000 - 0x00007ffa381fa000 	C:\Windows\System32\windows.storage.dll
0x00007ffa374e0000 - 0x00007ffa37504000 	C:\Windows\System32\profapi.dll
0x00007ffa37510000 - 0x00007ffa3756d000 	C:\Windows\System32\powrprof.dll
0x00007ffa38c00000 - 0x00007ffa38c52000 	C:\Windows\System32\shlwapi.dll
0x00007ffa374a0000 - 0x00007ffa374b1000 	C:\Windows\System32\kernel.appcore.dll
0x00007ffa38300000 - 0x00007ffa38317000 	C:\Windows\System32\cryptsp.dll
0x00007ffa0b990000 - 0x00007ffa0b9aa000 	C:\Program Files\Android\Android Studio\jre\jre\bin\net.dll
0x00007ffa36d10000 - 0x00007ffa36d77000 	C:\Windows\system32\mswsock.dll
0x00007ffa0b710000 - 0x00007ffa0b721000 	C:\Program Files\Android\Android Studio\jre\jre\bin\nio.dll
0x00007ffa33d00000 - 0x00007ffa33d26000 	C:\Users\jaime\.gradle\native\29\windows-amd64\native-platform.dll
0x00007ffa0c5a0000 - 0x00007ffa0c5ad000 	C:\Program Files\Android\Android Studio\jre\jre\bin\management.dll
0x00007ffa36890000 - 0x00007ffa368c3000 	C:\Windows\system32\rsaenh.dll
0x00007ffa38470000 - 0x00007ffa38496000 	C:\Windows\System32\bcrypt.dll
0x00007ffa373a0000 - 0x00007ffa373c8000 	C:\Windows\SYSTEM32\USERENV.dll
0x00007ffa36ee0000 - 0x00007ffa36eec000 	C:\Windows\SYSTEM32\CRYPTBASE.dll
0x00007ffa36a30000 - 0x00007ffa36a6d000 	C:\Windows\SYSTEM32\IPHLPAPI.DLL
0x00007ffa39550000 - 0x00007ffa39558000 	C:\Windows\System32\NSI.dll
0x00007ffa31a70000 - 0x00007ffa31a86000 	C:\Windows\SYSTEM32\dhcpcsvc6.DLL
0x00007ffa31a50000 - 0x00007ffa31a6c000 	C:\Windows\SYSTEM32\dhcpcsvc.DLL
0x00007ffa36a70000 - 0x00007ffa36b36000 	C:\Windows\SYSTEM32\DNSAPI.dll

VM Arguments:
jvm_args: -Xmx1536m -Dfile.encoding=windows-1252 -Duser.country=BR -Duser.language=pt -Duser.variant 
java_command: org.gradle.launcher.daemon.bootstrap.GradleDaemon 5.4.1
java_class_path (initial): C:\Users\jaime\.gradle\wrapper\dists\gradle-5.4.1-all\3221gyojl5jsh0helicew7rwx\gradle-5.4.1\lib\gradle-launcher-5.4.1.jar
Launcher Type: SUN_STANDARD

Environment Variables:
PATH=C:\Program Files (x86)\Common Files\Oracle\Java\javapath;C:\Windows\system32;C:\Windows;C:\Windows\System32\Wbem;C:\Windows\System32\WindowsPowerShell\v1.0\;C:\Windows\System32\OpenSSH\;C:\Program Files\Git\cmd;C:\Users\jaime\AppData\Local\Microsoft\WindowsApps;
USERNAME=jaime
OS=Windows_NT
PROCESSOR_IDENTIFIER=Intel64 Family 6 Model 142 Stepping 10, GenuineIntel



---------------  S Y S T E M  ---------------

OS: Windows 10.0 , 64 bit Build 17763 (10.0.17763.475)

CPU:total 8 (initial active 8) (4 cores per cpu, 2 threads per core) family 6 model 142 stepping 10, cmov, cx8, fxsr, mmx, sse, sse2, sse3, ssse3, sse4.1, sse4.2, popcnt, avx, avx2, aes, clmul, erms, 3dnowpref, lzcnt, ht, tsc, tscinvbit, bmi1, bmi2, adx

Memory: 4k page, physical 8295652k(595164k free), swap 8295652k(5188k free)

vm_info: OpenJDK 64-Bit Server VM (25.202-b03) for windows-amd64 JRE (1.8.0_202-release-1483-b03), built by "builder" with MS VC++ 10.0 (VS2010)

time: Tue Oct 01 20:18:10 2019
timezone: Hora Padrão da Bahia
elapsed time: 6 seconds (0d 0h 0m 6s)

