JvmtiExport can_access_local_variables 0
JvmtiExport can_hotswap_or_post_breakpoint 0
JvmtiExport can_post_on_exceptions 0
# 131 ciObject found
ciMethod java/lang/Object <init> ()V 4097 1 1560450 0 -1
ciMethod java/lang/String equalsIgnoreCase (Ljava/lang/String;)Z 3081 1 14560 0 -1
ciMethod java/lang/NullPointerException <init> ()V 0 0 1 0 -1
ciMethodData java/lang/Object <init> ()V 2 1560450 orig 264 8 206 252 83 0 0 0 0 128 4 239 21 0 0 0 0 32 1 0 0 0 0 0 0 0 0 0 0 0 0 0 0 0 0 0 0 0 0 0 0 0 0 0 0 0 0 0 0 0 0 0 0 0 0 0 0 0 0 0 0 0 0 0 0 0 0 0 0 0 0 0 0 0 0 0 0 0 0 0 0 77 68 79 32 101 120 116 114 97 32 100 97 116 97 32 108 111 99 107 0 0 0 0 0 0 0 0 0 0 0 0 0 0 0 0 0 0 0 0 0 0 0 0 0 0 0 0 0 0 0 0 0 0 0 0 0 0 0 0 0 0 0 0 0 0 0 0 0 0 0 0 0 0 0 0 0 0 0 0 0 0 0 0 0 0 0 0 0 0 0 0 0 0 0 0 0 0 0 0 0 0 0 0 0 1 0 0 0 0 0 0 0 1 0 0 0 0 0 0 0 1 0 0 0 0 0 0 0 0 0 0 0 0 0 0 0 0 2 0 0 17 108 190 0 1 0 0 0 0 0 0 0 0 0 0 0 2 0 0 0 0 0 3 0 1 0 0 0 0 0 0 0 255 255 255 255 0 0 0 0 0 0 0 0 data 0 oops 0
ciMethod java/lang/IllegalArgumentException <init> (Ljava/lang/String;)V 0 0 13 0 -1
ciMethodData java/lang/IllegalArgumentException <init> (Ljava/lang/String;)V 1 13 orig 264 8 206 252 83 0 0 0 0 128 6 6 22 0 0 0 0 56 1 0 0 0 0 0 0 0 0 0 0 0 0 0 0 0 0 0 0 0 0 0 0 0 0 0 0 0 0 0 0 0 0 0 0 0 0 0 0 0 0 0 0 0 0 0 0 0 0 0 0 0 0 0 0 0 0 0 0 0 0 0 0 77 68 79 32 101 120 116 114 97 32 100 97 116 97 32 108 111 99 107 0 0 0 0 0 0 0 0 0 0 0 0 0 0 0 0 0 0 0 0 0 0 0 0 0 0 0 0 0 0 0 0 0 0 0 0 0 0 0 0 0 0 0 0 0 0 0 0 0 0 0 0 0 0 0 0 0 0 0 0 0 0 0 0 0 0 0 0 0 0 0 0 0 0 0 0 0 0 0 0 0 0 0 0 0 17 0 0 0 0 0 0 0 0 0 0 0 0 0 0 0 0 0 0 0 0 0 0 0 0 0 0 0 0 0 0 0 0 0 0 0 105 0 0 0 1 0 0 0 0 0 0 0 0 0 0 0 2 0 0 0 0 0 0 0 0 0 0 0 16 0 0 0 255 255 255 255 2 0 2 0 0 0 0 0 data 2 0x20002 0xd oops 0
ciMethodData java/lang/NullPointerException <init> ()V 1 1 orig 264 8 206 252 83 0 0 0 0 120 192 249 21 0 0 0 0 48 1 0 0 0 0 0 0 0 0 0 0 0 0 0 0 0 0 0 0 0 0 0 0 0 0 0 0 0 0 0 0 0 0 0 0 0 0 0 0 0 0 0 0 0 0 0 0 0 0 0 0 0 0 0 0 0 0 0 0 0 0 0 0 77 68 79 32 101 120 116 114 97 32 100 97 116 97 32 108 111 99 107 0 0 0 0 0 0 0 0 0 0 0 0 0 0 0 0 0 0 0 0 0 0 0 0 0 0 0 0 0 0 0 0 0 0 0 0 0 0 0 0 0 0 0 0 0 0 0 0 0 0 0 0 0 0 0 0 0 0 0 0 0 0 0 0 0 0 0 0 0 0 0 0 0 0 0 0 0 0 0 0 0 0 0 0 0 0 0 0 0 0 0 0 0 0 0 0 0 0 0 0 0 0 0 0 0 0 0 0 0 0 0 0 0 0 0 0 0 0 0 0 0 9 0 0 0 1 0 0 0 0 0 0 0 0 0 0 0 2 0 0 0 0 0 0 0 0 0 0 0 16 0 0 0 255 255 255 255 2 0 1 0 0 0 0 0 data 2 0x10002 0x1 oops 0
ciMethodData java/lang/String equalsIgnoreCase (Ljava/lang/String;)Z 2 14560 orig 264 8 206 252 83 0 0 0 0 104 73 239 21 0 0 0 0 48 2 0 0 120 0 0 0 0 0 0 0 0 0 0 0 0 0 0 0 0 0 0 0 0 0 0 0 0 0 0 0 0 0 0 0 0 0 0 0 0 0 0 0 0 0 0 0 0 0 0 0 0 0 0 0 0 0 0 0 0 0 0 0 77 68 79 32 101 120 116 114 97 32 100 97 116 97 32 108 111 99 107 0 0 0 0 0 0 0 0 0 0 0 0 0 0 0 0 0 0 0 0 0 0 0 0 0 0 0 0 0 0 0 0 0 0 0 0 0 0 0 0 0 0 0 0 0 1 0 0 0 0 0 0 0 0 0 0 0 0 0 0 0 0 0 0 0 0 0 0 0 0 0 0 0 0 0 0 0 0 0 0 0 0 0 0 0 17 0 0 0 0 0 0 0 0 0 0 0 0 0 0 0 3 0 0 0 0 0 0 0 0 0 0 0 0 0 0 0 129 1 0 0 249 186 1 0 1 0 0 0 58 20 0 0 0 0 0 0 2 0 0 0 0 0 13 0 2 0 0 0 224 0 0 0 255 255 255 255 7 0 2 0 0 0 0 0 data 28 0x20007 0x33b2 0x38 0x3ad 0x60003 0x3ad 0xc0 0xa0007 0x427 0xa8 0x2f8b 0x170007 0x25bb 0x88 0x9d0 0x240005 0x8 0x2a29d60 0x9c8 0x0 0x0 0x270007 0x52e 0x38 0x48d 0x2b0003 0x48d 0x18 oops 1 17 java/lang/String
ciMethod sun/nio/fs/WindowsPath <init> (Lsun/nio/fs/WindowsFileSystem;Lsun/nio/fs/WindowsPathType;Ljava/lang/String;Ljava/lang/String;)V 3241 1 20494 0 -1
ciMethod sun/nio/fs/WindowsPath getFileSystem ()Lsun/nio/fs/WindowsFileSystem; 1401 1 175 0 -1
ciMethod sun/nio/fs/WindowsPath emptyPath ()Lsun/nio/fs/WindowsPath; 0 0 1 0 -1
ciMethod sun/nio/fs/WindowsPath toWindowsPath (Ljava/nio/file/Path;)Lsun/nio/fs/WindowsPath; 4097 1 9685 0 -1
ciMethod sun/nio/fs/WindowsPath relativize (Ljava/nio/file/Path;)Lsun/nio/fs/WindowsPath; 1185 16425 148 0 -1
ciMethod sun/nio/fs/WindowsPath getNameCount ()I 2049 1 4576 0 -1
ciMethod sun/nio/fs/WindowsPath compareTo (Ljava/nio/file/Path;)I 1025 99329 668 0 -1
ciMethod sun/nio/fs/WindowsPath equals (Ljava/lang/Object;)Z 3081 1 4560 0 -1
ciMethod sun/nio/fs/AbstractPath <init> ()V 3241 1 20497 0 -1
ciMethodData sun/nio/fs/WindowsPath <init> (Lsun/nio/fs/WindowsFileSystem;Lsun/nio/fs/WindowsPathType;Ljava/lang/String;Ljava/lang/String;)V 2 20494 orig 264 8 206 252 83 0 0 0 0 216 221 240 26 0 0 0 0 80 1 0 0 0 0 0 0 0 0 0 0 0 0 0 0 0 0 0 0 0 0 0 0 0 0 0 0 0 0 0 0 0 0 0 0 0 0 0 0 0 0 0 0 0 0 0 0 0 0 0 0 0 0 0 0 0 0 0 0 0 0 0 0 77 68 79 32 101 120 116 114 97 32 100 97 116 97 32 108 111 99 107 0 0 0 0 0 0 0 0 0 0 0 0 0 0 0 0 0 0 0 0 0 0 0 0 0 0 0 0 0 0 0 0 0 0 0 0 0 0 0 0 0 0 0 0 0 0 0 0 0 0 0 0 0 0 0 0 0 0 0 0 0 0 0 0 0 0 0 0 0 0 0 0 0 0 0 0 0 0 0 0 0 0 0 0 0 0 0 0 0 0 0 0 0 0 0 0 0 0 0 0 0 0 0 0 0 0 0 0 0 0 0 0 0 0 0 0 0 149 1 0 0 201 115 2 0 1 0 0 0 0 0 0 0 0 0 0 0 2 0 0 0 0 0 3 0 2 0 0 0 16 0 0 0 255 255 255 255 2 0 1 0 0 0 0 0 data 2 0x10002 0x4e7d oops 0
ciMethodData sun/nio/fs/AbstractPath <init> ()V 2 20497 orig 264 8 206 252 83 0 0 0 0 56 16 241 26 0 0 0 0 48 1 0 0 0 0 0 0 0 0 0 0 0 0 0 0 0 0 0 0 0 0 0 0 0 0 0 0 0 0 0 0 0 0 0 0 0 0 0 0 0 0 0 0 0 0 0 0 0 0 0 0 0 0 0 0 0 0 0 0 0 0 0 0 77 68 79 32 101 120 116 114 97 32 100 97 116 97 32 108 111 99 107 0 0 0 0 0 0 0 0 0 0 0 0 0 0 0 0 0 0 0 0 0 0 0 0 0 0 0 0 0 0 0 0 0 0 0 0 0 0 0 0 0 0 0 0 0 0 0 0 0 0 0 0 0 0 0 0 0 0 0 0 0 0 0 0 0 0 0 0 0 0 0 0 0 0 0 0 0 0 0 0 0 0 0 0 0 0 0 0 0 0 0 0 0 0 0 0 0 0 0 0 0 0 0 0 0 0 0 0 0 0 0 0 0 0 0 0 0 149 1 0 0 225 115 2 0 1 0 0 0 0 0 0 0 0 0 0 0 2 0 0 0 0 0 3 0 2 0 0 0 16 0 0 0 255 255 255 255 2 0 1 0 0 0 0 0 data 2 0x10002 0x4e80 oops 0
ciMethodData sun/nio/fs/WindowsPath getNameCount ()I 2 4576 orig 264 8 206 252 83 0 0 0 0 72 246 240 26 0 0 0 0 48 1 0 0 0 0 0 0 0 0 0 0 0 0 0 0 0 0 0 0 0 0 0 0 0 0 0 0 0 0 0 0 0 0 0 0 0 0 0 0 0 0 0 0 0 0 0 0 0 0 0 0 0 0 0 0 0 0 0 0 0 0 0 0 77 68 79 32 101 120 116 114 97 32 100 97 116 97 32 108 111 99 107 0 0 0 0 0 0 0 0 0 0 0 0 0 0 0 0 0 0 0 0 0 0 0 0 0 0 0 0 0 0 0 0 0 0 0 0 0 0 0 0 0 0 0 0 0 0 0 0 0 0 0 0 0 0 0 0 0 0 0 0 0 0 0 0 0 0 0 0 0 0 0 0 0 0 0 0 0 0 0 0 0 0 0 0 0 0 0 0 0 0 0 0 0 0 0 0 0 0 0 0 0 0 0 0 0 0 0 0 0 0 0 0 0 0 0 0 0 0 1 0 0 1 135 0 0 1 0 0 0 0 0 0 0 0 0 0 0 2 0 0 0 0 0 3 0 2 0 0 0 16 0 0 0 255 255 255 255 2 0 1 0 0 0 0 0 data 2 0x10002 0x10e5 oops 0
ciMethodData sun/nio/fs/WindowsPath toWindowsPath (Ljava/nio/file/Path;)Lsun/nio/fs/WindowsPath; 2 9685 orig 264 8 206 252 83 0 0 0 0 96 238 240 26 0 0 0 0 8 2 0 0 128 0 0 0 0 0 0 0 0 0 0 0 0 0 0 0 0 0 0 0 0 0 0 0 0 0 0 0 0 0 0 0 0 0 0 0 0 0 0 0 0 0 0 0 0 0 0 0 0 0 0 0 0 0 0 0 0 0 0 0 77 68 79 32 101 120 116 114 97 32 100 97 116 97 32 108 111 99 107 0 0 0 0 0 0 0 0 0 0 0 0 0 0 0 0 0 0 0 0 0 0 0 0 0 0 0 0 0 0 0 0 0 0 0 0 0 0 0 0 0 0 0 0 0 0 0 0 0 0 0 0 0 0 0 0 0 0 0 0 0 0 0 0 0 0 0 0 0 0 0 0 0 0 0 0 0 0 0 0 0 0 0 0 0 0 0 0 0 0 0 0 0 0 0 0 0 0 0 0 0 0 0 0 0 0 0 0 0 0 0 0 0 0 0 0 0 0 2 0 0 169 30 1 0 1 0 0 0 0 0 0 0 0 0 0 0 2 0 0 0 0 0 7 0 2 0 0 0 192 0 0 0 255 255 255 255 7 0 1 0 0 0 0 0 data 24 0x10007 0x23d2 0x30 0x0 0x80002 0x0 0xd0004 0x0 0x1efd8ac0 0x12ab 0x1efdec80 0x1125 0x100007 0x23d8 0x30 0x0 0x170002 0x0 0x1c0004 0x0 0x1efd8ac0 0x12b0 0x1efdec80 0x1125 oops 4 8 sun/nio/fs/WindowsPath 10 sun/nio/fs/WindowsPath$WindowsPathWithAttributes 20 sun/nio/fs/WindowsPath 22 sun/nio/fs/WindowsPath$WindowsPathWithAttributes
ciMethodData sun/nio/fs/WindowsPath equals (Ljava/lang/Object;)Z 2 4560 orig 264 8 206 252 83 0 0 0 0 40 253 240 26 0 0 0 0 88 2 0 0 0 0 0 0 0 0 0 0 0 0 0 0 0 0 0 0 0 0 0 0 0 0 0 0 0 0 0 0 0 0 0 0 0 0 0 0 0 0 0 0 0 0 0 0 0 0 0 0 0 0 0 0 0 0 0 0 0 0 0 0 77 68 79 32 101 120 116 114 97 32 100 97 116 97 32 108 111 99 107 0 0 0 0 0 0 0 0 0 0 0 0 0 0 0 0 0 0 0 0 0 0 0 0 0 0 0 0 0 0 0 0 0 0 0 0 0 0 0 0 0 0 0 0 0 0 0 0 0 0 0 0 0 0 0 0 0 0 0 0 0 0 0 0 0 0 0 0 0 0 0 0 0 0 0 0 0 0 0 0 0 0 0 0 0 0 0 0 0 0 0 0 0 0 0 0 0 0 0 0 0 0 0 0 0 0 0 0 0 0 0 0 0 0 0 0 0 129 1 0 0 121 130 0 0 1 0 0 0 0 0 0 0 0 0 0 0 2 0 0 0 0 0 11 0 2 0 0 0 8 1 0 0 255 255 255 255 7 0 1 0 0 0 0 0 data 33 0x10007 0x0 0x108 0x104f 0x50004 0x0 0x1efdec80 0x630 0x1efd8ac0 0xa1f 0x80007 0x0 0xb8 0x104f 0xd0004 0x0 0x1efdec80 0x98 0x1efd8ac0 0x615 0x100005 0x0 0x1efdec80 0x9a8 0x1efd8ac0 0x6a6 0x130007 0xa3c 0x38 0x612 0x170003 0x612 0x18 oops 6 6 sun/nio/fs/WindowsPath$WindowsPathWithAttributes 8 sun/nio/fs/WindowsPath 16 sun/nio/fs/WindowsPath$WindowsPathWithAttributes 18 sun/nio/fs/WindowsPath 22 sun/nio/fs/WindowsPath$WindowsPathWithAttributes 24 sun/nio/fs/WindowsPath
ciMethodData sun/nio/fs/WindowsPath relativize (Ljava/nio/file/Path;)Lsun/nio/fs/WindowsPath; 1 2053 orig 264 8 206 252 83 0 0 0 0 232 239 240 26 0 0 0 0 40 6 0 0 248 2 0 0 0 0 0 0 0 0 0 0 0 0 0 0 0 0 0 0 0 0 0 0 0 0 0 0 0 0 0 0 0 0 0 0 0 0 0 0 0 0 0 0 0 0 0 0 0 0 0 0 0 0 0 0 0 0 0 0 77 68 79 32 101 120 116 114 97 32 100 97 116 97 32 108 111 99 107 0 0 0 0 0 0 0 0 0 0 0 0 0 0 0 0 0 0 0 0 0 0 0 0 0 0 0 0 0 0 0 0 0 0 0 0 0 0 0 0 0 0 0 0 0 0 0 0 0 0 0 0 0 0 0 0 0 0 0 0 0 0 0 0 0 0 0 0 0 0 0 0 0 0 0 0 0 0 0 0 0 0 0 0 0 0 0 0 0 0 0 0 0 0 0 0 0 0 0 0 0 0 0 0 0 0 0 0 0 0 0 0 0 0 0 0 0 5 8 0 0 1 0 0 0 1 0 0 0 0 0 0 0 0 0 0 0 2 0 0 0 0 0 0 0 0 0 0 0 216 4 0 0 255 255 255 255 2 0 1 0 0 0 0 0 data 155 0x10002 0x0 0x70005 0x0 0x0 0x0 0x0 0x0 0xa0007 0x0 0x30 0x0 0xe0002 0x0 0x1a0007 0x0 0x30 0x0 0x230002 0x0 0x2f0005 0x0 0x0 0x0 0x0 0x0 0x320007 0x0 0x30 0x0 0x3b0002 0x0 0x400005 0x0 0x0 0x0 0x0 0x0 0x450005 0x0 0x0 0x0 0x0 0x0 0x4d0007 0x0 0x38 0x0 0x520003 0x0 0x18 0x5f0007 0x0 0x100 0x0 0x650005 0x0 0x0 0x0 0x0 0x0 0x6b0005 0x0 0x0 0x0 0x0 0x0 0x6e0005 0x0 0x0 0x0 0x0 0x0 0x710007 0x0 0x38 0x0 0x740003 0x0 0x30 0x7a0003 0x0 0xffffffffffffff18 0x810002 0x0 0x8d0007 0x0 0x68 0x0 0x940005 0x0 0x0 0x0 0x0 0x0 0x9b0003 0x0 0xffffffffffffffb0 0xa60007 0x0 0xf8 0x0 0xae0005 0x0 0x0 0x0 0x0 0x0 0xb10005 0x0 0x0 0x0 0x0 0x0 0xb40005 0x0 0x0 0x0 0x0 0x0 0xbc0005 0x0 0x0 0x0 0x0 0x0 0xc30003 0x0 0xffffffffffffff20 0xca0005 0x0 0x0 0x0 0x0 0x0 0xcf0005 0x0 0x0 0x0 0x0 0x0 0xd30005 0x0 0x0 0x0 0x0 0x0 0xd80005 0x0 0x0 0x0 0x0 0x0 0xdb0002 0x0 oops 0
ciMethodData sun/nio/fs/WindowsPath emptyPath ()Lsun/nio/fs/WindowsPath; 1 0 orig 264 8 206 252 83 0 0 0 0 136 232 240 26 0 0 0 0 136 1 0 0 0 0 0 0 0 0 0 0 0 0 0 0 0 0 0 0 0 0 0 0 0 0 0 0 0 0 0 0 0 0 0 0 0 0 0 0 0 0 0 0 0 0 0 0 0 0 0 0 0 0 0 0 0 0 0 0 0 0 0 0 77 68 79 32 101 120 116 114 97 32 100 97 116 97 32 108 111 99 107 0 0 0 0 0 0 0 0 0 0 0 0 0 0 0 0 0 0 0 0 0 0 0 0 0 0 0 0 0 0 0 0 0 0 0 0 0 0 0 0 0 0 0 0 0 0 0 0 0 0 0 0 0 0 0 0 0 0 0 0 0 0 0 0 0 0 0 0 0 0 0 0 0 0 0 0 0 0 0 0 0 0 0 0 0 0 0 0 0 0 0 0 0 0 0 0 0 0 0 0 0 0 0 0 0 0 0 0 0 0 0 0 0 0 0 0 0 0 0 0 0 1 0 0 0 1 0 0 0 0 0 0 0 0 0 0 0 2 0 0 0 0 0 0 0 0 0 0 0 64 0 0 0 255 255 255 255 5 0 5 0 0 0 0 0 data 8 0x50005 0x0 0x0 0x0 0x0 0x0 0xf0002 0x0 oops 0
instanceKlass com/android/builder/dexing/DexArchiveEntry
instanceKlass com/android/builder/dexing/DirDexArchive
instanceKlass com/android/builder/dexing/DexArchives$$Lambda$886
instanceKlass com/android/builder/dexing/DexArchive
instanceKlass com/android/builder/dexing/DexArchives
instanceKlass com/android/builder/dexing/D8DexArchiveMerger$$Lambda$885
instanceKlass com/android/builder/dexing/D8DexArchiveMerger
instanceKlass com/android/builder/dexing/DexArchiveMerger
instanceKlass com/android/build/gradle/internal/transforms/DexMergerTransformCallable$1
instanceKlass com/android/build/gradle/internal/transforms/DexMergerTransformCallable
instanceKlass com/google/common/collect/AbstractIterator$1
instanceKlass com/google/common/graph/Traverser$TreeTraverser$2
instanceKlass com/google/common/io/CharSource
instanceKlass com/google/common/graph/Network
instanceKlass com/google/common/graph/BaseGraph
instanceKlass com/google/common/graph/PredecessorsFunction
instanceKlass com/google/common/graph/Traverser
instanceKlass com/android/ide/common/process/BaseProcessOutputHandler$BaseProcessOutput
instanceKlass com/android/ide/common/blame/parser/DexParser
instanceKlass com/android/ide/common/blame/parser/ToolOutputParser
instanceKlass com/android/ide/common/process/ProcessOutput
instanceKlass com/android/ide/common/process/BaseProcessOutputHandler
instanceKlass com/android/build/gradle/internal/tasks/Workers$DirectWorkerExecutor
instanceKlass org/gradle/internal/work/DefaultWorkerLeaseService$5$1
instanceKlass org/gradle/internal/work/DefaultWorkerLeaseService$5
instanceKlass org/gradle/internal/work/DefaultAsyncWorkTracker$2
instanceKlass com/google/common/collect/ImmutableSet$SerializedForm
instanceKlass com/android/build/gradle/internal/tasks/Workers$WhenMappings
instanceKlass com/android/build/gradle/internal/tasks/Workers$WorkerExecutorAdapter$submit$1
instanceKlass com/android/build/gradle/internal/tasks/Workers$ActionFacade
instanceKlass com/android/build/gradle/internal/profile/WorkerProfilingRecord
instanceKlass com/android/build/gradle/internal/tasks/Workers$ActionParameters
instanceKlass com/android/ide/common/workers/WorkerExecutorFacade$Configuration
instanceKlass com/android/build/gradle/internal/tasks/DexMergingParams
instanceKlass com/android/build/gradle/internal/tasks/DexMergingTaskRunnable
instanceKlass javax/management/MBeanServerInvocationHandler
instanceKlass com/android/ide/common/workers/GradlePluginMBeans
instanceKlass com/android/build/gradle/internal/tasks/Blocks
instanceKlass com/android/build/gradle/internal/tasks/NonIncrementalTask$taskAction$$inlined$recordTaskAction$1
instanceKlass com/android/build/gradle/internal/tasks/Blocks$ThrowingBlockWithReturn
instanceKlass org/gradle/internal/fingerprint/impl/FilePathWithType
instanceKlass com/google/common/collect/MultimapBuilder$MultimapBuilderWithKeys
instanceKlass com/google/common/collect/MultimapBuilder
instanceKlass com/google/common/collect/ImmutableList$SerializedForm
instanceKlass org/gradle/internal/execution/steps/SkipUpToDateStep$2
instanceKlass org/gradle/internal/execution/history/impl/DefaultOutputFilesRepository$1
instanceKlass com/google/common/collect/Maps$13
instanceKlass com/google/common/collect/Maps$9
instanceKlass org/gradle/internal/execution/history/impl/DefaultExecutionHistoryStore$$Lambda$884
instanceKlass org/gradle/internal/execution/steps/StoreSnapshotsStep$$Lambda$883
instanceKlass org/gradle/internal/execution/steps/SnapshotOutputsStep$1
instanceKlass org/gradle/api/internal/tasks/execution/ExecuteActionsTaskExecuter$TaskExecution$1
instanceKlass org/gradle/internal/execution/steps/ExecuteStep$1
instanceKlass org/gradle/internal/execution/steps/ExecuteStep$$Lambda$882
instanceKlass org/gradle/internal/execution/steps/ExecuteStep$2
instanceKlass com/google/common/io/Closer$SuppressingSuppressor
instanceKlass com/google/common/io/Closer$Suppressor
instanceKlass com/google/common/io/Closer
instanceKlass com/google/common/io/CharSink
instanceKlass com/android/tools/r8/m/a/a/d/r
instanceKlass com/android/tools/r8/m/a/a/d/s
instanceKlass com/android/tools/r8/m/a/a/d/t
instanceKlass com/android/tools/r8/ByteDataView
instanceKlass com/android/tools/r8/dex/c$a
instanceKlass java/util/zip/Adler32
instanceKlass com/android/tools/r8/dex/Constants
instanceKlass com/android/tools/r8/dex/c$$Lambda$879
instanceKlass com/android/tools/r8/dex/c$$Lambda$878
instanceKlass com/android/tools/r8/dex/c$$Lambda$880
instanceKlass com/android/tools/r8/dex/c$$Lambda$881
instanceKlass com/android/tools/r8/dex/c$$Lambda$877
instanceKlass com/android/tools/r8/dex/c$$Lambda$874
instanceKlass com/android/tools/r8/dex/c$$Lambda$875
instanceKlass com/android/tools/r8/dex/c$$Lambda$876
instanceKlass com/android/tools/r8/dex/c$$Lambda$873
instanceKlass com/android/tools/r8/dex/c$$Lambda$872
instanceKlass com/android/tools/r8/dex/c$$Lambda$871
instanceKlass com/android/tools/r8/dex/c$$Lambda$870
instanceKlass com/android/tools/r8/dex/c$$Lambda$869
instanceKlass com/android/tools/r8/dex/c$$Lambda$868
instanceKlass com/android/tools/r8/dex/c$$Lambda$866
instanceKlass com/android/tools/r8/dex/c$$Lambda$867
instanceKlass com/android/tools/r8/dex/c$$Lambda$865
instanceKlass com/android/tools/r8/dex/c$$Lambda$864
instanceKlass com/android/tools/r8/dex/c$$Lambda$863
instanceKlass com/android/tools/r8/dex/c$$Lambda$862
instanceKlass com/android/tools/r8/dex/c$$Lambda$861
instanceKlass com/android/tools/r8/dex/c$$Lambda$860
instanceKlass com/android/tools/r8/dex/c$$Lambda$859
instanceKlass com/android/tools/r8/dex/c$$Lambda$858
instanceKlass com/android/tools/r8/dex/c$$Lambda$857
instanceKlass com/android/tools/r8/dex/c$$Lambda$856
instanceKlass com/android/tools/r8/dex/c$$Lambda$855
instanceKlass com/android/tools/r8/dex/c$$Lambda$854
instanceKlass com/android/tools/r8/dex/c$$Lambda$853
instanceKlass com/android/tools/r8/dex/c$$Lambda$852
instanceKlass com/android/tools/r8/dex/c$$Lambda$851
instanceKlass com/android/tools/r8/dex/c$$Lambda$850
instanceKlass com/android/tools/r8/dex/c$$Lambda$849
instanceKlass com/android/tools/r8/dex/c$$Lambda$848
instanceKlass com/android/tools/r8/dex/c$$Lambda$847
instanceKlass com/android/tools/r8/dex/c$$Lambda$846
instanceKlass com/android/tools/r8/dex/c$$Lambda$845
instanceKlass com/android/tools/r8/dex/c$$Lambda$844
instanceKlass com/android/tools/r8/dex/c$$Lambda$843
instanceKlass com/android/tools/r8/dex/c$$Lambda$842
instanceKlass com/android/tools/r8/dex/c$$Lambda$841
instanceKlass com/android/tools/r8/dex/c$$Lambda$840
instanceKlass com/android/tools/r8/dex/c$$Lambda$839
instanceKlass com/android/tools/r8/dex/c$$Lambda$838
instanceKlass com/android/tools/r8/dex/c$$Lambda$836
instanceKlass com/android/tools/r8/dex/c$$Lambda$837
instanceKlass com/android/tools/r8/dex/c$$Lambda$835
instanceKlass com/android/tools/r8/dex/c$$Lambda$834
instanceKlass com/android/tools/r8/dex/c$$Lambda$833
instanceKlass com/android/tools/r8/dex/c$$Lambda$831
instanceKlass com/android/tools/r8/dex/c$$Lambda$832
instanceKlass com/android/tools/r8/dex/c$$Lambda$830
instanceKlass com/android/tools/r8/dex/c$$Lambda$829
instanceKlass com/android/tools/r8/dex/c$$Lambda$828
instanceKlass com/android/tools/r8/dex/c$$Lambda$827
instanceKlass com/android/tools/r8/dex/c$$Lambda$826
instanceKlass com/android/tools/r8/dex/c$$Lambda$825
instanceKlass com/android/tools/r8/dex/c$$Lambda$824
instanceKlass com/android/tools/r8/dex/c$$Lambda$823
instanceKlass com/android/tools/r8/dex/c$$Lambda$822
instanceKlass com/android/tools/r8/dex/c$$Lambda$821
instanceKlass com/android/tools/r8/dex/c$$Lambda$820
instanceKlass com/android/tools/r8/dex/c$$Lambda$819
instanceKlass com/android/tools/r8/dex/c$$Lambda$818
instanceKlass com/android/tools/r8/dex/c$$Lambda$817
instanceKlass com/android/tools/r8/dex/c$$Lambda$816
instanceKlass com/android/tools/r8/dex/c$$Lambda$815
instanceKlass com/android/tools/r8/dex/c$$Lambda$814
instanceKlass com/android/tools/r8/dex/c$$Lambda$813
instanceKlass com/android/tools/r8/dex/c$$Lambda$812
instanceKlass com/android/tools/r8/dex/c$$Lambda$811
instanceKlass com/android/tools/r8/dex/c$$Lambda$810
instanceKlass com/android/tools/r8/dex/c$$Lambda$809
instanceKlass com/android/tools/r8/dex/c$$Lambda$808
instanceKlass com/android/tools/r8/dex/c$$Lambda$807
instanceKlass com/android/tools/r8/dex/c$$Lambda$805
instanceKlass com/android/tools/r8/dex/c$$Lambda$806
instanceKlass com/android/tools/r8/dex/c$$Lambda$804
instanceKlass com/android/tools/r8/dex/c$$Lambda$800
instanceKlass com/android/tools/r8/dex/c$$Lambda$801
instanceKlass com/android/tools/r8/dex/c$$Lambda$802
instanceKlass com/android/tools/r8/dex/c$$Lambda$803
instanceKlass com/android/tools/r8/dex/BinaryReader
instanceKlass com/android/tools/r8/utils/EncodedValueUtils
instanceKlass com/android/tools/r8/dex/c$$Lambda$799
instanceKlass com/android/tools/r8/dex/c$$Lambda$798
instanceKlass com/android/tools/r8/dex/c$$Lambda$797
instanceKlass com/android/tools/r8/dex/c$$Lambda$796
instanceKlass com/android/tools/r8/dex/c$$Lambda$794
instanceKlass com/android/tools/r8/dex/c$$Lambda$795
instanceKlass com/android/tools/r8/dex/c$$Lambda$793
instanceKlass com/android/tools/r8/dex/c$$Lambda$792
instanceKlass com/android/tools/r8/dex/c$$Lambda$790
instanceKlass com/android/tools/r8/dex/c$$Lambda$791
instanceKlass com/android/tools/r8/dex/c$$Lambda$789
instanceKlass com/android/tools/r8/dex/c$$Lambda$788
instanceKlass com/android/tools/r8/dex/c$$Lambda$787
instanceKlass com/android/tools/r8/dex/c$$Lambda$786
instanceKlass com/android/tools/r8/dex/c$$Lambda$784
instanceKlass com/android/tools/r8/dex/c$$Lambda$785
instanceKlass com/android/tools/r8/dex/c$$Lambda$783
instanceKlass com/android/tools/r8/dex/c$$Lambda$782
instanceKlass com/android/tools/r8/dex/c$$Lambda$781
instanceKlass com/android/tools/r8/dex/c$$Lambda$780
instanceKlass com/android/tools/r8/dex/c$$Lambda$779
instanceKlass com/android/tools/r8/dex/c$$Lambda$778
instanceKlass com/android/tools/r8/dex/c$$Lambda$776
instanceKlass com/android/tools/r8/dex/c$$Lambda$777
instanceKlass com/android/tools/r8/dex/c$$Lambda$775
instanceKlass com/android/tools/r8/dex/c$$Lambda$774
instanceKlass com/android/tools/r8/dex/c$$Lambda$773
instanceKlass com/android/tools/r8/dex/c$$Lambda$772
instanceKlass com/android/tools/r8/dex/c$$Lambda$771
instanceKlass com/android/tools/r8/dex/c$$Lambda$770
instanceKlass com/android/tools/r8/dex/c$$Lambda$768
instanceKlass com/android/tools/r8/dex/c$$Lambda$769
instanceKlass com/android/tools/r8/utils/LebUtils
instanceKlass com/android/tools/r8/dex/DebugBytecodeWriter
instanceKlass com/android/tools/r8/dex/c$$Lambda$767
instanceKlass com/android/tools/r8/dex/c$$Lambda$766
instanceKlass com/android/tools/r8/dex/c$$Lambda$765
instanceKlass com/android/tools/r8/dex/c$$Lambda$764
instanceKlass com/android/tools/r8/dex/c$$Lambda$763
instanceKlass com/android/tools/r8/dex/c$$Lambda$762
instanceKlass com/android/tools/r8/dex/c$$Lambda$761
instanceKlass com/android/tools/r8/dex/c$$Lambda$760
instanceKlass java/lang/invoke/LambdaForm$DMH
instanceKlass java/lang/invoke/LambdaForm$DMH
instanceKlass java/lang/invoke/LambdaForm$DMH
instanceKlass java/lang/invoke/LambdaForm$DMH
instanceKlass com/android/tools/r8/dex/c$$Lambda$756
instanceKlass com/android/tools/r8/dex/c$$Lambda$757
instanceKlass com/android/tools/r8/dex/c$$Lambda$758
instanceKlass com/android/tools/r8/dex/c$$Lambda$759
instanceKlass com/android/tools/r8/naming/MemberNaming
instanceKlass com/android/tools/r8/naming/MemberNaming$Signature
instanceKlass com/android/tools/r8/dex/c$$Lambda$755
instanceKlass com/android/tools/r8/dex/c$$Lambda$754
instanceKlass com/android/tools/r8/dex/c$$Lambda$753
instanceKlass com/android/tools/r8/dex/c$$Lambda$752
instanceKlass com/android/tools/r8/dex/d
instanceKlass com/android/tools/r8/utils/O
instanceKlass com/android/tools/r8/graph/DexProgramClass$$Lambda$750
instanceKlass com/android/tools/r8/graph/DexProgramClass$$Lambda$751
instanceKlass com/android/tools/r8/graph/DexProgramClass$$Lambda$749
instanceKlass com/android/tools/r8/graph/DexProgramClass$$Lambda$748
instanceKlass com/android/tools/r8/graph/DexProgramClass$$Lambda$747
instanceKlass com/android/tools/r8/graph/DexItem$$Lambda$746
instanceKlass com/android/tools/r8/graph/DexItem$$Lambda$745
instanceKlass com/android/tools/r8/graph/DexItem$$Lambda$744
instanceKlass com/android/tools/r8/graph/DexItem$$Lambda$743
instanceKlass com/android/tools/r8/n/a/a/a/h/H0$f
instanceKlass com/android/tools/r8/n/a/a/a/h/N$f
instanceKlass com/android/tools/r8/dex/c$$Lambda$742
instanceKlass com/android/tools/r8/dex/c$$Lambda$741
instanceKlass com/android/tools/r8/dex/c$$Lambda$739
instanceKlass com/android/tools/r8/dex/c$$Lambda$740
instanceKlass com/android/tools/r8/n/a/a/a/h/S
instanceKlass com/android/tools/r8/n/a/a/a/h/P
instanceKlass com/android/tools/r8/n/a/a/a/h/T
instanceKlass com/android/tools/r8/dex/a
instanceKlass com/android/tools/r8/dex/DexOutputBuffer
instanceKlass com/android/tools/r8/graph/N
instanceKlass com/android/tools/r8/dex/c
instanceKlass com/android/tools/r8/graph/ObjectToOffsetMapping$$Lambda$738
instanceKlass com/android/tools/r8/graph/ObjectToOffsetMapping$$Lambda$736
instanceKlass com/android/tools/r8/graph/ObjectToOffsetMapping$$Lambda$737
instanceKlass com/android/tools/r8/graph/ObjectToOffsetMapping$$Lambda$735
instanceKlass com/android/tools/r8/graph/ObjectToOffsetMapping$$Lambda$734
instanceKlass com/android/tools/r8/graph/ObjectToOffsetMapping$$Lambda$733
instanceKlass com/android/tools/r8/graph/ObjectToOffsetMapping$$Lambda$732
instanceKlass com/android/tools/r8/graph/ObjectToOffsetMapping$$Lambda$731
instanceKlass com/android/tools/r8/graph/ObjectToOffsetMapping$$Lambda$730
instanceKlass com/android/tools/r8/graph/ObjectToOffsetMapping$$Lambda$729
instanceKlass com/android/tools/r8/graph/ObjectToOffsetMapping$$Lambda$728
instanceKlass com/android/tools/r8/graph/ObjectToOffsetMapping$$Lambda$727
instanceKlass com/android/tools/r8/graph/ObjectToOffsetMapping$$Lambda$726
instanceKlass com/android/tools/r8/graph/ObjectToOffsetMapping$$Lambda$725
instanceKlass com/android/tools/r8/graph/ObjectToOffsetMapping$$Lambda$724
instanceKlass com/android/tools/r8/graph/ObjectToOffsetMapping$$Lambda$723
instanceKlass com/android/tools/r8/graph/ObjectToOffsetMapping$$Lambda$722
instanceKlass com/android/tools/r8/graph/ObjectToOffsetMapping$$Lambda$721
instanceKlass com/android/tools/r8/graph/ObjectToOffsetMapping$$Lambda$720
instanceKlass com/android/tools/r8/graph/ObjectToOffsetMapping$$Lambda$719
instanceKlass com/android/tools/r8/graph/ObjectToOffsetMapping$$Lambda$718
instanceKlass com/android/tools/r8/graph/ObjectToOffsetMapping$$Lambda$717
instanceKlass com/android/tools/r8/graph/ObjectToOffsetMapping$$Lambda$716
instanceKlass com/android/tools/r8/graph/ObjectToOffsetMapping$$Lambda$715
instanceKlass com/android/tools/r8/n/a/a/a/h/M0
instanceKlass com/android/tools/r8/n/a/a/a/h/b1
instanceKlass com/android/tools/r8/graph/ObjectToOffsetMapping$$Lambda$714
instanceKlass com/android/tools/r8/graph/ObjectToOffsetMapping$$Lambda$713
instanceKlass com/android/tools/r8/graph/ObjectToOffsetMapping$$Lambda$712
instanceKlass com/android/tools/r8/graph/ObjectToOffsetMapping$$Lambda$711
instanceKlass com/android/tools/r8/graph/ObjectToOffsetMapping$$Lambda$710
instanceKlass com/android/tools/r8/graph/ObjectToOffsetMapping$$Lambda$708
instanceKlass com/android/tools/r8/graph/ObjectToOffsetMapping$$Lambda$709
instanceKlass com/android/tools/r8/graph/ObjectToOffsetMapping$$Lambda$707
instanceKlass java/util/IdentityHashMap$IdentityHashMapSpliterator
instanceKlass com/android/tools/r8/graph/ObjectToOffsetMapping$a
instanceKlass com/android/tools/r8/n/a/a/a/h/N0
instanceKlass com/android/tools/r8/graph/ObjectToOffsetMapping
instanceKlass com/android/tools/r8/dex/ApplicationWriter$$Lambda$706
instanceKlass com/android/tools/r8/dex/VirtualFile$g$$Lambda$705
instanceKlass com/android/tools/r8/dex/VirtualFile$g$$Lambda$704
instanceKlass com/android/tools/r8/dex/VirtualFile$g$$Lambda$703
instanceKlass com/android/tools/r8/dex/VirtualFile$g$$Lambda$702
instanceKlass com/android/tools/r8/dex/VirtualFile$g$$Lambda$700
instanceKlass com/android/tools/r8/dex/VirtualFile$g$$Lambda$699
instanceKlass com/android/tools/r8/dex/VirtualFile$g$$Lambda$701
instanceKlass com/android/tools/r8/dex/VirtualFile$g$$Lambda$698
instanceKlass com/android/tools/r8/dex/VirtualFile$g$$Lambda$697
instanceKlass com/android/tools/r8/dex/VirtualFile$g$$Lambda$695
instanceKlass com/android/tools/r8/dex/VirtualFile$g$$Lambda$696
instanceKlass com/android/tools/r8/dex/VirtualFile$g$$Lambda$694
instanceKlass com/android/tools/r8/dex/VirtualFile$g$$Lambda$693
instanceKlass com/android/tools/r8/dex/VirtualFile$g$$Lambda$692
instanceKlass com/android/tools/r8/dex/VirtualFile$g$$Lambda$691
instanceKlass com/android/tools/r8/dex/VirtualFile$g$$Lambda$690
instanceKlass com/android/tools/r8/dex/VirtualFile$g$$Lambda$688
instanceKlass com/android/tools/r8/dex/VirtualFile$g$$Lambda$689
instanceKlass com/android/tools/r8/dex/VirtualFile$g$$Lambda$687
instanceKlass com/android/tools/r8/dex/VirtualFile$g$$Lambda$686
instanceKlass com/android/tools/r8/dex/VirtualFile$g$$Lambda$685
instanceKlass com/android/tools/r8/dex/VirtualFile$g$$Lambda$684
instanceKlass com/android/tools/r8/dex/VirtualFile$g$$Lambda$683
instanceKlass com/android/tools/r8/dex/VirtualFile$g$$Lambda$682
instanceKlass com/android/tools/r8/dex/VirtualFile$g$$Lambda$681
instanceKlass com/android/tools/r8/dex/VirtualFile$g$$Lambda$678
instanceKlass com/android/tools/r8/dex/VirtualFile$g$$Lambda$680
instanceKlass com/android/tools/r8/dex/VirtualFile$g$$Lambda$679
instanceKlass com/android/tools/r8/dex/VirtualFile$g$$Lambda$677
instanceKlass com/android/tools/r8/dex/VirtualFile$g$$Lambda$675
instanceKlass com/android/tools/r8/dex/VirtualFile$g$$Lambda$676
instanceKlass com/android/tools/r8/dex/VirtualFile$g$$Lambda$674
instanceKlass com/android/tools/r8/dex/VirtualFile$g$$Lambda$670
instanceKlass com/android/tools/r8/dex/VirtualFile$g$$Lambda$672
instanceKlass com/android/tools/r8/dex/VirtualFile$g$$Lambda$671
instanceKlass com/android/tools/r8/dex/VirtualFile$g$$Lambda$673
instanceKlass com/android/tools/r8/graph/DexItem$$Lambda$669
instanceKlass com/android/tools/r8/graph/DexItem$$Lambda$667
instanceKlass com/android/tools/r8/graph/DexItem$$Lambda$668
instanceKlass com/android/tools/r8/graph/DexItem$$Lambda$666
instanceKlass com/android/tools/r8/dex/VirtualFile$g
instanceKlass com/android/tools/r8/dex/VirtualFile$k
instanceKlass com/android/tools/r8/dex/g
instanceKlass com/android/tools/r8/dex/VirtualFile
instanceKlass com/android/tools/r8/graph/DexEncodedAnnotation$$Lambda$665
instanceKlass com/android/tools/r8/graph/DexEncodedAnnotation$$Lambda$664
instanceKlass com/android/tools/r8/graph/DexEncodedAnnotation$$Lambda$663
instanceKlass com/android/tools/r8/graph/DexEncodedAnnotation$$Lambda$662
instanceKlass com/android/tools/r8/graph/DexAnnotationSet$$Lambda$658
instanceKlass com/android/tools/r8/graph/DexAnnotationSet$$Lambda$661
instanceKlass com/android/tools/r8/graph/DexAnnotationSet$$Lambda$659
instanceKlass com/android/tools/r8/graph/DexAnnotationSet$$Lambda$660
instanceKlass java/util/stream/Node$Builder
instanceKlass java/util/stream/Node$OfDouble
instanceKlass java/util/stream/Node$OfLong
instanceKlass java/util/stream/Node$OfInt
instanceKlass java/util/stream/Node$OfPrimitive
instanceKlass java/util/stream/Nodes$EmptyNode
instanceKlass java/util/stream/Node
instanceKlass java/util/stream/Nodes
instanceKlass com/android/tools/r8/graph/n$$Lambda$657
instanceKlass com/android/tools/r8/graph/n$$Lambda$656
instanceKlass com/android/tools/r8/graph/DexItem$$Lambda$655
instanceKlass com/android/tools/r8/graph/DexProgramClass$$Lambda$654
instanceKlass com/android/tools/r8/graph/DexProgramClass$$Lambda$653
instanceKlass com/android/tools/r8/dex/ApplicationWriter$$Lambda$652
instanceKlass com/android/tools/r8/graph/DexItemFactory$$Lambda$651
instanceKlass com/android/tools/r8/graph/DexItemFactory$$Lambda$650
instanceKlass com/android/tools/r8/m/a/b/m/g/r
instanceKlass com/android/tools/r8/m/a/b/m/g/q
instanceKlass com/android/tools/r8/m/a/b/l
instanceKlass com/android/tools/r8/graph/DexItemFactory$$Lambda$649
instanceKlass com/android/tools/r8/m/a/b/k
instanceKlass com/android/tools/r8/m/a/b/m/g/y
instanceKlass com/android/tools/r8/m/a/b/n/c
instanceKlass com/android/tools/r8/dex/Marker$$Lambda$648
instanceKlass com/android/tools/r8/dex/Marker$$Lambda$646
instanceKlass com/android/tools/r8/dex/Marker$$Lambda$647
instanceKlass com/android/tools/r8/dex/Marker$$Lambda$643
instanceKlass com/android/tools/r8/dex/Marker$$Lambda$645
instanceKlass com/android/tools/r8/dex/Marker$$Lambda$644
instanceKlass com/android/tools/r8/naming/NamingLens
instanceKlass com/android/tools/r8/dex/n
instanceKlass com/android/tools/r8/dex/VirtualFile$b
instanceKlass com/android/tools/r8/ir/regalloc/RegisterMove
instanceKlass com/android/tools/r8/dex/o
instanceKlass com/android/tools/r8/dex/ApplicationWriter
instanceKlass com/android/tools/r8/graph/DexItemFactory$$Lambda$642
instanceKlass com/android/tools/r8/m/a/b/m/d$c
instanceKlass com/android/tools/r8/ir/optimize/PeepholeOptimizer$$Lambda$641
instanceKlass com/android/tools/r8/ir/regalloc/RegisterMoveScheduler
instanceKlass com/android/tools/r8/ir/regalloc/c$$Lambda$640
instanceKlass com/android/tools/r8/ir/regalloc/c$$Lambda$639
instanceKlass com/android/tools/r8/ir/regalloc/c$$Lambda$638
instanceKlass com/android/tools/r8/ir/regalloc/c$$Lambda$637
instanceKlass com/android/tools/r8/ir/regalloc/b
instanceKlass com/android/tools/r8/m/a/b/m/f
instanceKlass com/android/tools/r8/m/a/b/m/b
instanceKlass com/android/tools/r8/ir/optimize/PeepholeOptimizer$$Lambda$636
instanceKlass com/android/tools/r8/m/a/a/b/X1
instanceKlass com/android/tools/r8/m/a/a/b/W1
instanceKlass com/android/tools/r8/m/a/a/b/V1$a
instanceKlass com/android/tools/r8/m/a/a/b/z
instanceKlass com/android/tools/r8/m/a/a/b/i
instanceKlass com/android/tools/r8/ir/optimize/CodeRewriter$$Lambda$635
instanceKlass com/android/tools/r8/ir/optimize/P$$Lambda$634
instanceKlass com/android/tools/r8/ir/conversion/IRBuilder$e
instanceKlass com/android/tools/r8/ir/conversion/g0
instanceKlass com/android/tools/r8/ir/conversion/Q
instanceKlass com/android/tools/r8/dex/Marker
instanceKlass com/android/tools/r8/m/a/a/b/f$a$b
instanceKlass com/android/tools/r8/m/a/a/b/m
instanceKlass com/android/tools/r8/m/a/a/b/R0
instanceKlass com/android/tools/r8/m/a/a/b/K1
instanceKlass com/android/tools/r8/graph/LazyLoadedDexApplication$Builder$$Lambda$633
instanceKlass com/android/tools/r8/ir/analysis/type/ArrayTypeLatticeElement$$Lambda$632
instanceKlass com/android/tools/r8/graph/DexItemFactory$$Lambda$631
instanceKlass com/android/tools/r8/n/a/a/a/g/k0
instanceKlass com/android/tools/r8/n/a/a/a/g/z0
instanceKlass com/android/tools/r8/ir/conversion/z
instanceKlass com/android/tools/r8/graph/AppInfo$b
instanceKlass com/android/tools/r8/graph/AppInfo$d
instanceKlass com/android/tools/r8/ir/code/f$$Lambda$630
instanceKlass com/android/tools/r8/m/a/b/b
instanceKlass com/android/tools/r8/m/a/a/a/b
instanceKlass com/android/tools/r8/ir/regalloc/LinearScanRegisterAllocator$$Lambda$629
instanceKlass com/android/tools/r8/ir/regalloc/LinearScanRegisterAllocator$$Lambda$628
instanceKlass com/android/tools/r8/ir/regalloc/LinearScanRegisterAllocator$$Lambda$627
instanceKlass com/android/tools/r8/ir/regalloc/LinearScanRegisterAllocator$$Lambda$626
instanceKlass com/android/tools/r8/ir/regalloc/LinearScanRegisterAllocator$$Lambda$625
instanceKlass com/android/tools/r8/ir/regalloc/LinearScanRegisterAllocator$$Lambda$624
instanceKlass com/android/tools/r8/ir/regalloc/LinearScanRegisterAllocator$$Lambda$622
instanceKlass com/android/tools/r8/ir/regalloc/LinearScanRegisterAllocator$$Lambda$623
instanceKlass com/android/tools/r8/ir/regalloc/LinearScanRegisterAllocator$$Lambda$621
instanceKlass com/android/tools/r8/ir/regalloc/LinearScanRegisterAllocator$$Lambda$619
instanceKlass com/android/tools/r8/ir/regalloc/LinearScanRegisterAllocator$$Lambda$620
instanceKlass java/lang/invoke/LambdaForm$DMH
instanceKlass java/lang/invoke/LambdaForm$DMH
instanceKlass com/android/tools/r8/ir/regalloc/LinearScanRegisterAllocator$$Lambda$618
instanceKlass java/lang/invoke/LambdaForm$DMH
instanceKlass com/android/tools/r8/ir/regalloc/LinearScanRegisterAllocator$$Lambda$616
instanceKlass com/android/tools/r8/ir/regalloc/LinearScanRegisterAllocator$$Lambda$617
instanceKlass com/android/tools/r8/ir/regalloc/LinearScanRegisterAllocator$$Lambda$615
instanceKlass com/android/tools/r8/ir/regalloc/a
instanceKlass com/android/tools/r8/ir/optimize/CodeRewriter$$Lambda$613
instanceKlass com/android/tools/r8/ir/optimize/CodeRewriter$$Lambda$614
instanceKlass com/android/tools/r8/ir/optimize/CodeRewriter$$Lambda$612
instanceKlass com/android/tools/r8/ir/optimize/CodeRewriter$$Lambda$611
instanceKlass com/android/tools/r8/ir/optimize/CodeRewriter$$Lambda$610
instanceKlass com/android/tools/r8/ir/optimize/CodeRewriter$$Lambda$608
instanceKlass com/android/tools/r8/ir/optimize/CodeRewriter$$Lambda$609
instanceKlass com/android/tools/r8/n/a/a/a/h/W$d
instanceKlass com/android/tools/r8/n/a/a/a/h/W$f
instanceKlass com/android/tools/r8/ir/optimize/f$$Lambda$605
instanceKlass com/android/tools/r8/ir/optimize/f$$Lambda$607
instanceKlass com/android/tools/r8/ir/optimize/f$$Lambda$606
instanceKlass java/util/stream/SliceOps
instanceKlass com/android/tools/r8/ir/optimize/CodeRewriter$$Lambda$604
instanceKlass com/android/tools/r8/ir/optimize/CodeRewriter$$Lambda$603
instanceKlass com/android/tools/r8/ir/optimize/P$$Lambda$602
instanceKlass com/android/tools/r8/ir/optimize/f$$Lambda$601
instanceKlass com/android/tools/r8/ir/optimize/f$$Lambda$600
instanceKlass com/android/tools/r8/ir/optimize/f$$Lambda$599
instanceKlass com/android/tools/r8/ir/optimize/f$$Lambda$598
instanceKlass com/android/tools/r8/n/a/a/a/h/X
instanceKlass com/android/tools/r8/ir/analysis/a
instanceKlass com/android/tools/r8/ir/optimize/f$$Lambda$597
instanceKlass com/android/tools/r8/ir/optimize/f$$Lambda$596
instanceKlass com/android/tools/r8/ir/optimize/O
instanceKlass com/android/tools/r8/graph/AppInfo$$Lambda$595
instanceKlass com/android/tools/r8/graph/AppInfo$$Lambda$594
instanceKlass com/android/tools/r8/ir/analysis/type/ClassTypeLatticeElement$$Lambda$593
instanceKlass com/android/tools/r8/ir/analysis/type/ArrayTypeLatticeElement$$Lambda$592
instanceKlass com/android/tools/r8/ir/analysis/type/ArrayTypeLatticeElement$$Lambda$591
instanceKlass com/android/tools/r8/ir/code/SingleConstant
instanceKlass com/android/tools/r8/t/a/a/q
instanceKlass com/android/tools/r8/ir/code/WideConstant
instanceKlass com/android/tools/r8/ir/optimize/Inliner
instanceKlass com/android/tools/r8/ir/optimize/Inliner$ConstraintWithTarget
instanceKlass com/android/tools/r8/graph/DexDebugEventVisitor
instanceKlass com/android/tools/r8/graph/DexItemFactory$$Lambda$589
instanceKlass com/android/tools/r8/graph/DexItemFactory$$Lambda$588
instanceKlass com/android/tools/r8/graph/DexItemFactory$$Lambda$587
instanceKlass com/android/tools/r8/graph/DexItemFactory$$Lambda$590
instanceKlass java/lang/invoke/LambdaForm$DMH
instanceKlass java/lang/invoke/LambdaForm$DMH
instanceKlass java/lang/invoke/LambdaForm$DMH
instanceKlass java/lang/invoke/LambdaForm$DMH
instanceKlass com/android/tools/r8/graph/DexDebugEventBuilder
instanceKlass com/android/tools/r8/ir/conversion/D
instanceKlass com/android/tools/r8/ir/conversion/I
instanceKlass com/android/tools/r8/ir/optimize/z$$Lambda$585
instanceKlass com/android/tools/r8/ir/optimize/z$$Lambda$586
instanceKlass com/android/tools/r8/ir/optimize/z$$Lambda$584
instanceKlass com/android/tools/r8/ir/optimize/z$$Lambda$583
instanceKlass java/lang/invoke/LambdaForm$DMH
instanceKlass java/lang/invoke/LambdaForm$DMH
instanceKlass java/lang/invoke/LambdaForm$DMH
instanceKlass java/lang/invoke/LambdaForm$DMH
instanceKlass com/android/tools/r8/ir/optimize/z
instanceKlass com/android/tools/r8/ir/optimize/PeepholeOptimizer
instanceKlass com/android/tools/r8/ir/code/Instruction$$Lambda$582
instanceKlass com/android/tools/r8/ir/code/Instruction$$Lambda$581
instanceKlass com/android/tools/r8/ir/code/Instruction$$Lambda$579
instanceKlass com/android/tools/r8/ir/code/Instruction$$Lambda$580
instanceKlass com/android/tools/r8/ir/code/Instruction$$Lambda$578
instanceKlass com/android/tools/r8/ir/code/Instruction$$Lambda$577
instanceKlass com/android/tools/r8/ir/code/Instruction$$Lambda$576
instanceKlass com/android/tools/r8/ir/code/Instruction$$Lambda$575
instanceKlass com/android/tools/r8/ir/code/BasicBlock$$Lambda$574
instanceKlass com/android/tools/r8/ir/code/BasicBlock$$Lambda$573
instanceKlass com/android/tools/r8/ir/code/BasicBlock$$Lambda$572
instanceKlass com/android/tools/r8/ir/regalloc/LinearScanRegisterAllocator$$Lambda$571
instanceKlass com/android/tools/r8/ir/regalloc/LinearScanRegisterAllocator$$Lambda$568
instanceKlass com/android/tools/r8/ir/regalloc/LinearScanRegisterAllocator$$Lambda$570
instanceKlass com/android/tools/r8/ir/regalloc/LinearScanRegisterAllocator$$Lambda$569
instanceKlass com/android/tools/r8/n/a/a/a/g/B0$d
instanceKlass com/android/tools/r8/ir/regalloc/LinearScanRegisterAllocator$$Lambda$566
instanceKlass com/android/tools/r8/ir/regalloc/LinearScanRegisterAllocator$$Lambda$564
instanceKlass com/android/tools/r8/ir/regalloc/LinearScanRegisterAllocator$$Lambda$567
instanceKlass com/android/tools/r8/ir/regalloc/LinearScanRegisterAllocator$$Lambda$565
instanceKlass com/android/tools/r8/ir/regalloc/LinearScanRegisterAllocator$$Lambda$563
instanceKlass com/android/tools/r8/ir/regalloc/LinearScanRegisterAllocator$$Lambda$561
instanceKlass com/android/tools/r8/ir/regalloc/LinearScanRegisterAllocator$$Lambda$562
instanceKlass com/android/tools/r8/ir/regalloc/LinearScanRegisterAllocator$$Lambda$560
instanceKlass com/android/tools/r8/ir/regalloc/LinearScanRegisterAllocator$$Lambda$559
instanceKlass com/android/tools/r8/ir/regalloc/LinearScanRegisterAllocator$$Lambda$558
instanceKlass com/android/tools/r8/ir/regalloc/LinearScanRegisterAllocator$$Lambda$557
instanceKlass com/android/tools/r8/ir/regalloc/LinearScanRegisterAllocator$$Lambda$556
instanceKlass com/android/tools/r8/ir/regalloc/LinearScanRegisterAllocator$b
instanceKlass com/android/tools/r8/ir/regalloc/LinearScanRegisterAllocator$$Lambda$554
instanceKlass com/android/tools/r8/ir/regalloc/LinearScanRegisterAllocator$$Lambda$553
instanceKlass com/android/tools/r8/ir/regalloc/LinearScanRegisterAllocator$$Lambda$555
instanceKlass com/android/tools/r8/ir/regalloc/LinearScanRegisterAllocator$$Lambda$552
instanceKlass com/android/tools/r8/ir/regalloc/c
instanceKlass com/android/tools/r8/ir/regalloc/LiveIntervalsUse
instanceKlass com/android/tools/r8/ir/code/IRCode$b
instanceKlass java/util/LinkedList$DescendingIterator
instanceKlass com/android/tools/r8/ir/regalloc/LiveRange
instanceKlass com/android/tools/r8/ir/regalloc/LiveIntervals
instanceKlass com/android/tools/r8/n/a/a/a/g/V0
instanceKlass com/android/tools/r8/n/a/a/a/g/I0
instanceKlass com/android/tools/r8/m/a/a/b/V1
instanceKlass com/android/tools/r8/ir/regalloc/LinearScanRegisterAllocator
instanceKlass com/android/tools/r8/ir/conversion/IRConverter$$Lambda$550
instanceKlass com/android/tools/r8/ir/conversion/IRConverter$$Lambda$551
instanceKlass com/android/tools/r8/ir/conversion/IRConverter$$Lambda$549
instanceKlass com/android/tools/r8/ir/conversion/IRConverter$$Lambda$548
instanceKlass com/android/tools/r8/ir/conversion/IRConverter$$Lambda$547
instanceKlass com/android/tools/r8/ir/conversion/IRConverter$$Lambda$545
instanceKlass com/android/tools/r8/ir/conversion/IRConverter$$Lambda$546
instanceKlass com/android/tools/r8/ir/conversion/IRConverter$$Lambda$544
instanceKlass com/android/tools/r8/ir/optimize/CodeRewriter$$Lambda$543
instanceKlass com/android/tools/r8/ir/optimize/CodeRewriter$$Lambda$542
instanceKlass com/android/tools/r8/ir/optimize/CodeRewriter$$Lambda$541
instanceKlass com/android/tools/r8/ir/optimize/CodeRewriter$$Lambda$540
instanceKlass com/android/tools/r8/ir/optimize/m
instanceKlass com/android/tools/r8/ir/optimize/CodeRewriter$$Lambda$538
instanceKlass com/android/tools/r8/ir/optimize/CodeRewriter$$Lambda$537
instanceKlass com/android/tools/r8/ir/optimize/CodeRewriter$$Lambda$539
instanceKlass com/android/tools/r8/ir/optimize/CodeRewriter$$Lambda$536
instanceKlass com/android/tools/r8/m/a/a/a/Y
instanceKlass com/android/tools/r8/m/a/a/a/Z
instanceKlass com/android/tools/r8/ir/optimize/CodeRewriter$$Lambda$535
instanceKlass com/android/tools/r8/ir/optimize/CodeRewriter$$Lambda$533
instanceKlass com/android/tools/r8/ir/optimize/CodeRewriter$$Lambda$534
instanceKlass com/android/tools/r8/ir/optimize/CodeRewriter$$Lambda$532
instanceKlass com/android/tools/r8/ir/optimize/e
instanceKlass com/android/tools/r8/n/a/a/a/h/a0
instanceKlass com/android/tools/r8/n/a/a/a/h/Y
instanceKlass com/android/tools/r8/n/a/a/a/h/h
instanceKlass com/android/tools/r8/n/a/a/a/h/b0
instanceKlass com/android/tools/r8/n/a/a/a/h/Z
instanceKlass com/android/tools/r8/n/a/a/a/h/U
instanceKlass com/android/tools/r8/ir/optimize/f
instanceKlass com/android/tools/r8/ir/code/w
instanceKlass com/android/tools/r8/ir/code/BasicBlock$b
instanceKlass com/android/tools/r8/ir/optimize/P
instanceKlass com/android/tools/r8/ir/analysis/g/e$$Lambda$528
instanceKlass com/android/tools/r8/ir/analysis/g/e$$Lambda$529
instanceKlass com/android/tools/r8/ir/analysis/g/e$$Lambda$531
instanceKlass com/android/tools/r8/ir/analysis/g/e$$Lambda$530
instanceKlass com/android/tools/r8/ir/analysis/g/e$$Lambda$524
instanceKlass com/android/tools/r8/ir/analysis/g/e$$Lambda$526
instanceKlass com/android/tools/r8/ir/analysis/g/e$$Lambda$527
instanceKlass com/android/tools/r8/ir/analysis/g/e$$Lambda$525
instanceKlass com/android/tools/r8/ir/analysis/g/e$$Lambda$523
instanceKlass com/android/tools/r8/ir/analysis/g/e$$Lambda$522
instanceKlass com/android/tools/r8/ir/analysis/g/e$$Lambda$521
instanceKlass com/android/tools/r8/ir/analysis/g/e$$Lambda$520
instanceKlass java/util/stream/ReduceOps$2ReducingSink
instanceKlass java/util/function/BinaryOperator$$Lambda$519
instanceKlass java/util/function/BinaryOperator$$Lambda$518
instanceKlass java/util/function/BinaryOperator$$Lambda$517
instanceKlass java/util/function/BinaryOperator$$Lambda$516
instanceKlass com/android/tools/r8/ir/code/IRCode$$Lambda$514
instanceKlass com/android/tools/r8/ir/code/IRCode$$Lambda$515
instanceKlass com/android/tools/r8/ir/code/IRCode$$Lambda$513
instanceKlass com/android/tools/r8/ir/code/IRCode$$Lambda$512
instanceKlass java/util/LinkedList$LLSpliterator
instanceKlass com/android/tools/r8/ir/analysis/g/e
instanceKlass com/android/tools/r8/ir/optimize/a
instanceKlass com/android/tools/r8/ir/analysis/type/TypeAnalysis$$Lambda$511
instanceKlass com/android/tools/r8/ir/analysis/type/TypeAnalysis$$Lambda$509
instanceKlass com/android/tools/r8/ir/analysis/type/TypeAnalysis$$Lambda$510
instanceKlass com/android/tools/r8/ir/analysis/type/TypeAnalysis$$Lambda$508
instanceKlass com/android/tools/r8/ir/code/IRCode$a
instanceKlass com/android/tools/r8/ir/analysis/type/TypeAnalysis
instanceKlass com/android/tools/r8/ir/code/g
instanceKlass com/android/tools/r8/ir/code/B
instanceKlass com/android/tools/r8/ir/code/f
instanceKlass com/android/tools/r8/code/Instruction
instanceKlass com/android/tools/r8/ir/conversion/N$$Lambda$506
instanceKlass com/android/tools/r8/ir/conversion/N$$Lambda$507
instanceKlass com/android/tools/r8/ir/conversion/N$$Lambda$505
instanceKlass com/android/tools/r8/ir/conversion/N$$Lambda$504
instanceKlass com/android/tools/r8/cf/code/CfInstruction
instanceKlass com/android/tools/r8/ir/conversion/N$$Lambda$503
instanceKlass com/android/tools/r8/ir/conversion/N$$Lambda$502
instanceKlass com/android/tools/r8/ir/conversion/N$$Lambda$501
instanceKlass com/android/tools/r8/ir/conversion/N$$Lambda$500
instanceKlass com/android/tools/r8/ir/conversion/IRBuilder$f
instanceKlass com/android/tools/r8/ir/conversion/N$$Lambda$499
instanceKlass com/android/tools/r8/ir/conversion/N$$Lambda$498
instanceKlass com/android/tools/r8/ir/conversion/N$$Lambda$497
instanceKlass com/android/tools/r8/ir/conversion/N$$Lambda$496
instanceKlass com/android/tools/r8/ir/conversion/N$$Lambda$495
instanceKlass com/android/tools/r8/ir/conversion/N$$Lambda$494
